Start testing: Aug 21 10:29 CEST
----------------------------------------------------------
1/1 Testing: chess.t
1/1 Test: chess.t
Command: "/home/crem/chess_cpp/build/Release/chess.t"
Directory: /home/crem/chess_cpp/build
"chess.t" start time: Aug 21 10:29 CEST
Output:
----------------------------------------------------------
[doctest] doctest version is "2.4.12"
[doctest] run with "--help" for options
===============================================================================
/home/crem/chess_cpp/test.cpp:333:
TEST CASE:  Testing createCheck

/home/crem/chess_cpp/test.cpp:333: ERROR: test case THREW exception: I nomi dei giocatori non possono essere uguali

===============================================================================
/home/crem/chess_cpp/test.cpp:440:
TEST CASE:  Game::validMove - Pawn Specific Rules
  Pawn valid single push → true

/home/crem/chess_cpp/test.cpp:453: ERROR: CHECK( game.validMove({0, 1}, {0, 2}, game.getBoard()) == true ) is NOT correct!
  values: CHECK( false == true )

===============================================================================
/home/crem/chess_cpp/test.cpp:440:
TEST CASE:  Game::validMove - Pawn Specific Rules
  Pawn invalid backward move → false

/home/crem/chess_cpp/test.cpp:459: ERROR: CHECK( game.validMove({0, 1}, {0, 0}, game.getBoard()) == false ) is NOT correct!
  values: CHECK( true == false )

===============================================================================
/home/crem/chess_cpp/test.cpp:440:
TEST CASE:  Game::validMove - Pawn Specific Rules
  Pawn valid diagonal capture → true

/home/crem/chess_cpp/test.cpp:466: ERROR: CHECK( game.validMove({2, 2}, {3, 3}, game.getBoard()) == true ) is NOT correct!
  values: CHECK( false == true )

===============================================================================
/home/crem/chess_cpp/test.cpp:477:
TEST CASE:  Game::validMove - Check Scenarios
  Moving pinned piece reveals check → invalid move

/home/crem/chess_cpp/test.cpp:503: ERROR: CHECK( game.validMove({3, 4}, {3, 5}, game.getBoard()) == true ) is NOT correct!
  values: CHECK( false == true )

===============================================================================
/home/crem/chess_cpp/test.cpp:508:
TEST CASE:  Game::validMove - Edge Cases
  Turn validation - white's turn

/home/crem/chess_cpp/test.cpp:521: ERROR: CHECK( game.validMove({0, 2}, {0, 3}, game.getBoard()) == true ) is NOT correct!
  values: CHECK( false == true )

===============================================================================
/home/crem/chess_cpp/test.cpp:508:
TEST CASE:  Game::validMove - Edge Cases
  Turn validation - black's turn

/home/crem/chess_cpp/test.cpp:530: ERROR: CHECK( game.validMove({0, 6}, {0, 5}, game.getBoard()) == true ) is NOT correct!
  values: CHECK( false == true )

===============================================================================
/home/crem/chess_cpp/test.cpp:535:
TEST CASE:  Game::validMove - Complex Scenarios
  Scenario 2 - Knight movement with check

/home/crem/chess_cpp/test.cpp:554: ERROR: CHECK( game.validMove({1, 1}, {2, 3}, game.getBoard()) == false ) is NOT correct!
  values: CHECK( true == false )

/home/crem/chess_cpp/test.cpp:555: ERROR: CHECK( game.validMove({1, 1}, {0, 3}, game.getBoard()) == false ) is NOT correct!
  values: CHECK( true == false )

===============================================================================
[doctest] test cases:  13 |   8 passed | 5 failed | 0 skipped
[doctest] assertions: 194 | 186 passed | 8 failed |
[doctest] Status: FAILURE!
<end of output>
Test time =   1.43 sec
----------------------------------------------------------
Test Failed.
"chess.t" end time: Aug 21 10:29 CEST
"chess.t" time elapsed: 00:00:01
----------------------------------------------------------

End testing: Aug 21 10:29 CEST
