Start testing: Aug 20 17:23 CEST
----------------------------------------------------------
1/1 Testing: chess.t
1/1 Test: chess.t
Command: "/home/crem/chess_cpp/build/Debug/chess.t"
Directory: /home/crem/chess_cpp/build
"chess.t" start time: Aug 20 17:23 CEST
Output:
----------------------------------------------------------
[doctest] doctest version is "2.4.12"
[doctest] run with "--help" for options
===============================================================================
/home/crem/chess_cpp/test.cpp:292:
TEST CASE:  Testing  rightStarting

/home/crem/chess_cpp/test.cpp:292: ERROR: test case THREW exception: I nomi dei giocatori non possono essere uguali

===============================================================================
[doctest] test cases:   8 |   7 passed | 1 failed | 0 skipped
[doctest] assertions: 169 | 169 passed | 0 failed |
[doctest] Status: FAILURE!

=================================================================
==137506==ERROR: LeakSanitizer: detected memory leaks

Direct leak of 6611 byte(s) in 11 object(s) allocated from:
    #0 0x7479180fd9c7 in malloc ../../../../src/libsanitizer/asan/asan_malloc_linux.cpp:69
    #1 0x7479166cdc73  (/lib/x86_64-linux-gnu/libGLX_mesa.so.0+0x37c73) (BuildId: eb4fad4513221f70ad95bc1e08eee29bfee99e3f)
    #2 0x7479166cb173  (/lib/x86_64-linux-gnu/libGLX_mesa.so.0+0x35173) (BuildId: eb4fad4513221f70ad95bc1e08eee29bfee99e3f)
    #3 0x7479166c5e98  (/lib/x86_64-linux-gnu/libGLX_mesa.so.0+0x2fe98) (BuildId: eb4fad4513221f70ad95bc1e08eee29bfee99e3f)
    #4 0x7479166ca718  (/lib/x86_64-linux-gnu/libGLX_mesa.so.0+0x34718) (BuildId: eb4fad4513221f70ad95bc1e08eee29bfee99e3f)
    #5 0x7479166cb78c  (/lib/x86_64-linux-gnu/libGLX_mesa.so.0+0x3578c) (BuildId: eb4fad4513221f70ad95bc1e08eee29bfee99e3f)
    #6 0x7479166c8272  (/lib/x86_64-linux-gnu/libGLX_mesa.so.0+0x32272) (BuildId: eb4fad4513221f70ad95bc1e08eee29bfee99e3f)
    #7 0x74791881702c  (/lib/x86_64-linux-gnu/libsfml-window.so.2.6+0x2302c) (BuildId: c09232c3a63162e07bdc42b457f9092924abca08)
    #8 0x74791881733e  (/lib/x86_64-linux-gnu/libsfml-window.so.2.6+0x2333e) (BuildId: c09232c3a63162e07bdc42b457f9092924abca08)
    #9 0x747918819c35  (/lib/x86_64-linux-gnu/libsfml-window.so.2.6+0x25c35) (BuildId: c09232c3a63162e07bdc42b457f9092924abca08)
    #10 0x747918802216 in sf::GlResource::GlResource() (/lib/x86_64-linux-gnu/libsfml-window.so.2.6+0xe216) (BuildId: c09232c3a63162e07bdc42b457f9092924abca08)
    #11 0x747918806f8a in sf::Window::Window() (/lib/x86_64-linux-gnu/libsfml-window.so.2.6+0x12f8a) (BuildId: c09232c3a63162e07bdc42b457f9092924abca08)
    #12 0x74791884fda2 in sf::RenderWindow::RenderWindow() (/lib/x86_64-linux-gnu/libsfml-graphics.so.2.6+0x20da2) (BuildId: 005718ce5f34ab911bf24830c0107d70e470ae10)
    #13 0x5cca2af73b88 in DOCTEST_ANON_FUNC_28 /home/crem/chess_cpp/test.cpp:123
    #14 0x5cca2af564dd in doctest::Context::run() /home/crem/chess_cpp/doctest.h:7035
    #15 0x5cca2af5a05c in main /home/crem/chess_cpp/doctest.h:7113
    #16 0x74791702a1c9 in __libc_start_call_main ../sysdeps/nptl/libc_start_call_main.h:58
    #17 0x74791702a28a in __libc_start_main_impl ../csu/libc-start.c:360
    #18 0x5cca2aee1734 in _start (/home/crem/chess_cpp/build/Debug/chess.t+0x1c5734) (BuildId: 428daf2ba6c391d2a7e1dfb68cf2aecee5193306)

Direct leak of 2464 byte(s) in 11 object(s) allocated from:
    #0 0x7479180fd340 in calloc ../../../../src/libsanitizer/asan/asan_malloc_linux.cpp:77
    #1 0x7479166c9c0e  (/lib/x86_64-linux-gnu/libGLX_mesa.so.0+0x33c0e) (BuildId: eb4fad4513221f70ad95bc1e08eee29bfee99e3f)
    #2 0x7479166caf1f  (/lib/x86_64-linux-gnu/libGLX_mesa.so.0+0x34f1f) (BuildId: eb4fad4513221f70ad95bc1e08eee29bfee99e3f)
    #3 0x7479166cb134  (/lib/x86_64-linux-gnu/libGLX_mesa.so.0+0x35134) (BuildId: eb4fad4513221f70ad95bc1e08eee29bfee99e3f)
    #4 0x7479166c5e98  (/lib/x86_64-linux-gnu/libGLX_mesa.so.0+0x2fe98) (BuildId: eb4fad4513221f70ad95bc1e08eee29bfee99e3f)
    #5 0x7479166ca718  (/lib/x86_64-linux-gnu/libGLX_mesa.so.0+0x34718) (BuildId: eb4fad4513221f70ad95bc1e08eee29bfee99e3f)
    #6 0x7479166cb78c  (/lib/x86_64-linux-gnu/libGLX_mesa.so.0+0x3578c) (BuildId: eb4fad4513221f70ad95bc1e08eee29bfee99e3f)
    #7 0x7479166c8272  (/lib/x86_64-linux-gnu/libGLX_mesa.so.0+0x32272) (BuildId: eb4fad4513221f70ad95bc1e08eee29bfee99e3f)
    #8 0x74791881702c  (/lib/x86_64-linux-gnu/libsfml-window.so.2.6+0x2302c) (BuildId: c09232c3a63162e07bdc42b457f9092924abca08)
    #9 0x74791881733e  (/lib/x86_64-linux-gnu/libsfml-window.so.2.6+0x2333e) (BuildId: c09232c3a63162e07bdc42b457f9092924abca08)
    #10 0x747918819c35  (/lib/x86_64-linux-gnu/libsfml-window.so.2.6+0x25c35) (BuildId: c09232c3a63162e07bdc42b457f9092924abca08)
    #11 0x747918802216 in sf::GlResource::GlResource() (/lib/x86_64-linux-gnu/libsfml-window.so.2.6+0xe216) (BuildId: c09232c3a63162e07bdc42b457f9092924abca08)
    #12 0x747918806f8a in sf::Window::Window() (/lib/x86_64-linux-gnu/libsfml-window.so.2.6+0x12f8a) (BuildId: c09232c3a63162e07bdc42b457f9092924abca08)
    #13 0x74791884fda2 in sf::RenderWindow::RenderWindow() (/lib/x86_64-linux-gnu/libsfml-graphics.so.2.6+0x20da2) (BuildId: 005718ce5f34ab911bf24830c0107d70e470ae10)
    #14 0x5cca2af73b88 in DOCTEST_ANON_FUNC_28 /home/crem/chess_cpp/test.cpp:123
    #15 0x5cca2af564dd in doctest::Context::run() /home/crem/chess_cpp/doctest.h:7035
    #16 0x5cca2af5a05c in main /home/crem/chess_cpp/doctest.h:7113
    #17 0x74791702a1c9 in __libc_start_call_main ../sysdeps/nptl/libc_start_call_main.h:58
    #18 0x74791702a28a in __libc_start_main_impl ../csu/libc-start.c:360
    #19 0x5cca2aee1734 in _start (/home/crem/chess_cpp/build/Debug/chess.t+0x1c5734) (BuildId: 428daf2ba6c391d2a7e1dfb68cf2aecee5193306)

Direct leak of 2016 byte(s) in 9 object(s) allocated from:
    #0 0x7479180fd340 in calloc ../../../../src/libsanitizer/asan/asan_malloc_linux.cpp:77
    #1 0x7479166c9c0e  (/lib/x86_64-linux-gnu/libGLX_mesa.so.0+0x33c0e) (BuildId: eb4fad4513221f70ad95bc1e08eee29bfee99e3f)
    #2 0x7479166caf1f  (/lib/x86_64-linux-gnu/libGLX_mesa.so.0+0x34f1f) (BuildId: eb4fad4513221f70ad95bc1e08eee29bfee99e3f)
    #3 0x7479166cb1e6  (/lib/x86_64-linux-gnu/libGLX_mesa.so.0+0x351e6) (BuildId: eb4fad4513221f70ad95bc1e08eee29bfee99e3f)
    #4 0x7479166c5e98  (/lib/x86_64-linux-gnu/libGLX_mesa.so.0+0x2fe98) (BuildId: eb4fad4513221f70ad95bc1e08eee29bfee99e3f)
    #5 0x7479166ca718  (/lib/x86_64-linux-gnu/libGLX_mesa.so.0+0x34718) (BuildId: eb4fad4513221f70ad95bc1e08eee29bfee99e3f)
    #6 0x7479166cb78c  (/lib/x86_64-linux-gnu/libGLX_mesa.so.0+0x3578c) (BuildId: eb4fad4513221f70ad95bc1e08eee29bfee99e3f)
    #7 0x7479166c8272  (/lib/x86_64-linux-gnu/libGLX_mesa.so.0+0x32272) (BuildId: eb4fad4513221f70ad95bc1e08eee29bfee99e3f)
    #8 0x74791881702c  (/lib/x86_64-linux-gnu/libsfml-window.so.2.6+0x2302c) (BuildId: c09232c3a63162e07bdc42b457f9092924abca08)
    #9 0x74791881733e  (/lib/x86_64-linux-gnu/libsfml-window.so.2.6+0x2333e) (BuildId: c09232c3a63162e07bdc42b457f9092924abca08)
    #10 0x747918819c35  (/lib/x86_64-linux-gnu/libsfml-window.so.2.6+0x25c35) (BuildId: c09232c3a63162e07bdc42b457f9092924abca08)
    #11 0x747918802216 in sf::GlResource::GlResource() (/lib/x86_64-linux-gnu/libsfml-window.so.2.6+0xe216) (BuildId: c09232c3a63162e07bdc42b457f9092924abca08)
    #12 0x747918806f8a in sf::Window::Window() (/lib/x86_64-linux-gnu/libsfml-window.so.2.6+0x12f8a) (BuildId: c09232c3a63162e07bdc42b457f9092924abca08)
    #13 0x74791884fda2 in sf::RenderWindow::RenderWindow() (/lib/x86_64-linux-gnu/libsfml-graphics.so.2.6+0x20da2) (BuildId: 005718ce5f34ab911bf24830c0107d70e470ae10)
    #14 0x5cca2af73b88 in DOCTEST_ANON_FUNC_28 /home/crem/chess_cpp/test.cpp:123
    #15 0x5cca2af564dd in doctest::Context::run() /home/crem/chess_cpp/doctest.h:7035
    #16 0x5cca2af5a05c in main /home/crem/chess_cpp/doctest.h:7113
    #17 0x74791702a1c9 in __libc_start_call_main ../sysdeps/nptl/libc_start_call_main.h:58
    #18 0x74791702a28a in __libc_start_main_impl ../csu/libc-start.c:360
    #19 0x5cca2aee1734 in _start (/home/crem/chess_cpp/build/Debug/chess.t+0x1c5734) (BuildId: 428daf2ba6c391d2a7e1dfb68cf2aecee5193306)

Direct leak of 1803 byte(s) in 3 object(s) allocated from:
    #0 0x7479180fd9c7 in malloc ../../../../src/libsanitizer/asan/asan_malloc_linux.cpp:69
    #1 0x7479166cdc73  (/lib/x86_64-linux-gnu/libGLX_mesa.so.0+0x37c73) (BuildId: eb4fad4513221f70ad95bc1e08eee29bfee99e3f)
    #2 0x7479166cb173  (/lib/x86_64-linux-gnu/libGLX_mesa.so.0+0x35173) (BuildId: eb4fad4513221f70ad95bc1e08eee29bfee99e3f)
    #3 0x7479166c5e98  (/lib/x86_64-linux-gnu/libGLX_mesa.so.0+0x2fe98) (BuildId: eb4fad4513221f70ad95bc1e08eee29bfee99e3f)
    #4 0x7479166ca718  (/lib/x86_64-linux-gnu/libGLX_mesa.so.0+0x34718) (BuildId: eb4fad4513221f70ad95bc1e08eee29bfee99e3f)
    #5 0x7479166cb78c  (/lib/x86_64-linux-gnu/libGLX_mesa.so.0+0x3578c) (BuildId: eb4fad4513221f70ad95bc1e08eee29bfee99e3f)
    #6 0x7479166c8272  (/lib/x86_64-linux-gnu/libGLX_mesa.so.0+0x32272) (BuildId: eb4fad4513221f70ad95bc1e08eee29bfee99e3f)
    #7 0x74791881702c  (/lib/x86_64-linux-gnu/libsfml-window.so.2.6+0x2302c) (BuildId: c09232c3a63162e07bdc42b457f9092924abca08)
    #8 0x74791881733e  (/lib/x86_64-linux-gnu/libsfml-window.so.2.6+0x2333e) (BuildId: c09232c3a63162e07bdc42b457f9092924abca08)
    #9 0x747918819c35  (/lib/x86_64-linux-gnu/libsfml-window.so.2.6+0x25c35) (BuildId: c09232c3a63162e07bdc42b457f9092924abca08)
    #10 0x747918802216 in sf::GlResource::GlResource() (/lib/x86_64-linux-gnu/libsfml-window.so.2.6+0xe216) (BuildId: c09232c3a63162e07bdc42b457f9092924abca08)
    #11 0x747918806f8a in sf::Window::Window() (/lib/x86_64-linux-gnu/libsfml-window.so.2.6+0x12f8a) (BuildId: c09232c3a63162e07bdc42b457f9092924abca08)
    #12 0x74791884fda2 in sf::RenderWindow::RenderWindow() (/lib/x86_64-linux-gnu/libsfml-graphics.so.2.6+0x20da2) (BuildId: 005718ce5f34ab911bf24830c0107d70e470ae10)
    #13 0x5cca2af8a29b in DOCTEST_ANON_FUNC_49 /home/crem/chess_cpp/test.cpp:267
    #14 0x5cca2af564dd in doctest::Context::run() /home/crem/chess_cpp/doctest.h:7035
    #15 0x5cca2af5a05c in main /home/crem/chess_cpp/doctest.h:7113
    #16 0x74791702a1c9 in __libc_start_call_main ../sysdeps/nptl/libc_start_call_main.h:58
    #17 0x74791702a28a in __libc_start_main_impl ../csu/libc-start.c:360
    #18 0x5cca2aee1734 in _start (/home/crem/chess_cpp/build/Debug/chess.t+0x1c5734) (BuildId: 428daf2ba6c391d2a7e1dfb68cf2aecee5193306)

Direct leak of 1202 byte(s) in 2 object(s) allocated from:
    #0 0x7479180fd9c7 in malloc ../../../../src/libsanitizer/asan/asan_malloc_linux.cpp:69
    #1 0x7479166cdc73  (/lib/x86_64-linux-gnu/libGLX_mesa.so.0+0x37c73) (BuildId: eb4fad4513221f70ad95bc1e08eee29bfee99e3f)
    #2 0x7479166cb173  (/lib/x86_64-linux-gnu/libGLX_mesa.so.0+0x35173) (BuildId: eb4fad4513221f70ad95bc1e08eee29bfee99e3f)
    #3 0x7479166c5e98  (/lib/x86_64-linux-gnu/libGLX_mesa.so.0+0x2fe98) (BuildId: eb4fad4513221f70ad95bc1e08eee29bfee99e3f)
    #4 0x7479166ca718  (/lib/x86_64-linux-gnu/libGLX_mesa.so.0+0x34718) (BuildId: eb4fad4513221f70ad95bc1e08eee29bfee99e3f)
    #5 0x7479166cb78c  (/lib/x86_64-linux-gnu/libGLX_mesa.so.0+0x3578c) (BuildId: eb4fad4513221f70ad95bc1e08eee29bfee99e3f)
    #6 0x7479166c8272  (/lib/x86_64-linux-gnu/libGLX_mesa.so.0+0x32272) (BuildId: eb4fad4513221f70ad95bc1e08eee29bfee99e3f)
    #7 0x74791881702c  (/lib/x86_64-linux-gnu/libsfml-window.so.2.6+0x2302c) (BuildId: c09232c3a63162e07bdc42b457f9092924abca08)
    #8 0x74791881733e  (/lib/x86_64-linux-gnu/libsfml-window.so.2.6+0x2333e) (BuildId: c09232c3a63162e07bdc42b457f9092924abca08)
    #9 0x747918819c35  (/lib/x86_64-linux-gnu/libsfml-window.so.2.6+0x25c35) (BuildId: c09232c3a63162e07bdc42b457f9092924abca08)
    #10 0x747918802216 in sf::GlResource::GlResource() (/lib/x86_64-linux-gnu/libsfml-window.so.2.6+0xe216) (BuildId: c09232c3a63162e07bdc42b457f9092924abca08)
    #11 0x747918806f8a in sf::Window::Window() (/lib/x86_64-linux-gnu/libsfml-window.so.2.6+0x12f8a) (BuildId: c09232c3a63162e07bdc42b457f9092924abca08)
    #12 0x74791884fda2 in sf::RenderWindow::RenderWindow() (/lib/x86_64-linux-gnu/libsfml-graphics.so.2.6+0x20da2) (BuildId: 005718ce5f34ab911bf24830c0107d70e470ae10)
    #13 0x5cca2af68f00 in DOCTEST_ANON_FUNC_22 /home/crem/chess_cpp/test.cpp:65
    #14 0x5cca2af564dd in doctest::Context::run() /home/crem/chess_cpp/doctest.h:7035
    #15 0x5cca2af5a05c in main /home/crem/chess_cpp/doctest.h:7113
    #16 0x74791702a1c9 in __libc_start_call_main ../sysdeps/nptl/libc_start_call_main.h:58
    #17 0x74791702a28a in __libc_start_main_impl ../csu/libc-start.c:360
    #18 0x5cca2aee1734 in _start (/home/crem/chess_cpp/build/Debug/chess.t+0x1c5734) (BuildId: 428daf2ba6c391d2a7e1dfb68cf2aecee5193306)

Direct leak of 1202 byte(s) in 2 object(s) allocated from:
    #0 0x7479180fd9c7 in malloc ../../../../src/libsanitizer/asan/asan_malloc_linux.cpp:69
    #1 0x7479166cdc73  (/lib/x86_64-linux-gnu/libGLX_mesa.so.0+0x37c73) (BuildId: eb4fad4513221f70ad95bc1e08eee29bfee99e3f)
    #2 0x7479166cb173  (/lib/x86_64-linux-gnu/libGLX_mesa.so.0+0x35173) (BuildId: eb4fad4513221f70ad95bc1e08eee29bfee99e3f)
    #3 0x7479166c5e98  (/lib/x86_64-linux-gnu/libGLX_mesa.so.0+0x2fe98) (BuildId: eb4fad4513221f70ad95bc1e08eee29bfee99e3f)
    #4 0x7479166ca718  (/lib/x86_64-linux-gnu/libGLX_mesa.so.0+0x34718) (BuildId: eb4fad4513221f70ad95bc1e08eee29bfee99e3f)
    #5 0x7479166cb78c  (/lib/x86_64-linux-gnu/libGLX_mesa.so.0+0x3578c) (BuildId: eb4fad4513221f70ad95bc1e08eee29bfee99e3f)
    #6 0x7479166c8272  (/lib/x86_64-linux-gnu/libGLX_mesa.so.0+0x32272) (BuildId: eb4fad4513221f70ad95bc1e08eee29bfee99e3f)
    #7 0x74791881702c  (/lib/x86_64-linux-gnu/libsfml-window.so.2.6+0x2302c) (BuildId: c09232c3a63162e07bdc42b457f9092924abca08)
    #8 0x74791881733e  (/lib/x86_64-linux-gnu/libsfml-window.so.2.6+0x2333e) (BuildId: c09232c3a63162e07bdc42b457f9092924abca08)
    #9 0x747918819c35  (/lib/x86_64-linux-gnu/libsfml-window.so.2.6+0x25c35) (BuildId: c09232c3a63162e07bdc42b457f9092924abca08)
    #10 0x747918802216 in sf::GlResource::GlResource() (/lib/x86_64-linux-gnu/libsfml-window.so.2.6+0xe216) (BuildId: c09232c3a63162e07bdc42b457f9092924abca08)
    #11 0x747918806f8a in sf::Window::Window() (/lib/x86_64-linux-gnu/libsfml-window.so.2.6+0x12f8a) (BuildId: c09232c3a63162e07bdc42b457f9092924abca08)
    #12 0x74791884fda2 in sf::RenderWindow::RenderWindow() (/lib/x86_64-linux-gnu/libsfml-graphics.so.2.6+0x20da2) (BuildId: 005718ce5f34ab911bf24830c0107d70e470ae10)
    #13 0x5cca2af8480e in DOCTEST_ANON_FUNC_45 /home/crem/chess_cpp/test.cpp:237
    #14 0x5cca2af564dd in doctest::Context::run() /home/crem/chess_cpp/doctest.h:7035
    #15 0x5cca2af5a05c in main /home/crem/chess_cpp/doctest.h:7113
    #16 0x74791702a1c9 in __libc_start_call_main ../sysdeps/nptl/libc_start_call_main.h:58
    #17 0x74791702a28a in __libc_start_main_impl ../csu/libc-start.c:360
    #18 0x5cca2aee1734 in _start (/home/crem/chess_cpp/build/Debug/chess.t+0x1c5734) (BuildId: 428daf2ba6c391d2a7e1dfb68cf2aecee5193306)

Direct leak of 1202 byte(s) in 2 object(s) allocated from:
    #0 0x7479180fd9c7 in malloc ../../../../src/libsanitizer/asan/asan_malloc_linux.cpp:69
    #1 0x7479166cdc73  (/lib/x86_64-linux-gnu/libGLX_mesa.so.0+0x37c73) (BuildId: eb4fad4513221f70ad95bc1e08eee29bfee99e3f)
    #2 0x7479166cb173  (/lib/x86_64-linux-gnu/libGLX_mesa.so.0+0x35173) (BuildId: eb4fad4513221f70ad95bc1e08eee29bfee99e3f)
    #3 0x7479166c5e98  (/lib/x86_64-linux-gnu/libGLX_mesa.so.0+0x2fe98) (BuildId: eb4fad4513221f70ad95bc1e08eee29bfee99e3f)
    #4 0x7479166ca718  (/lib/x86_64-linux-gnu/libGLX_mesa.so.0+0x34718) (BuildId: eb4fad4513221f70ad95bc1e08eee29bfee99e3f)
    #5 0x7479166cb78c  (/lib/x86_64-linux-gnu/libGLX_mesa.so.0+0x3578c) (BuildId: eb4fad4513221f70ad95bc1e08eee29bfee99e3f)
    #6 0x7479166c8272  (/lib/x86_64-linux-gnu/libGLX_mesa.so.0+0x32272) (BuildId: eb4fad4513221f70ad95bc1e08eee29bfee99e3f)
    #7 0x74791881702c  (/lib/x86_64-linux-gnu/libsfml-window.so.2.6+0x2302c) (BuildId: c09232c3a63162e07bdc42b457f9092924abca08)
    #8 0x74791881733e  (/lib/x86_64-linux-gnu/libsfml-window.so.2.6+0x2333e) (BuildId: c09232c3a63162e07bdc42b457f9092924abca08)
    #9 0x747918819c35  (/lib/x86_64-linux-gnu/libsfml-window.so.2.6+0x25c35) (BuildId: c09232c3a63162e07bdc42b457f9092924abca08)
    #10 0x747918802216 in sf::GlResource::GlResource() (/lib/x86_64-linux-gnu/libsfml-window.so.2.6+0xe216) (BuildId: c09232c3a63162e07bdc42b457f9092924abca08)
    #11 0x747918806f8a in sf::Window::Window() (/lib/x86_64-linux-gnu/libsfml-window.so.2.6+0x12f8a) (BuildId: c09232c3a63162e07bdc42b457f9092924abca08)
    #12 0x74791884fda2 in sf::RenderWindow::RenderWindow() (/lib/x86_64-linux-gnu/libsfml-graphics.so.2.6+0x20da2) (BuildId: 005718ce5f34ab911bf24830c0107d70e470ae10)
    #13 0x5cca2af82468 in DOCTEST_ANON_FUNC_41 /home/crem/chess_cpp/test.cpp:215
    #14 0x5cca2af564dd in doctest::Context::run() /home/crem/chess_cpp/doctest.h:7035
    #15 0x5cca2af5a05c in main /home/crem/chess_cpp/doctest.h:7113
    #16 0x74791702a1c9 in __libc_start_call_main ../sysdeps/nptl/libc_start_call_main.h:58
    #17 0x74791702a28a in __libc_start_main_impl ../csu/libc-start.c:360
    #18 0x5cca2aee1734 in _start (/home/crem/chess_cpp/build/Debug/chess.t+0x1c5734) (BuildId: 428daf2ba6c391d2a7e1dfb68cf2aecee5193306)

Direct leak of 672 byte(s) in 3 object(s) allocated from:
    #0 0x7479180fd340 in calloc ../../../../src/libsanitizer/asan/asan_malloc_linux.cpp:77
    #1 0x7479166c9c0e  (/lib/x86_64-linux-gnu/libGLX_mesa.so.0+0x33c0e) (BuildId: eb4fad4513221f70ad95bc1e08eee29bfee99e3f)
    #2 0x7479166caf1f  (/lib/x86_64-linux-gnu/libGLX_mesa.so.0+0x34f1f) (BuildId: eb4fad4513221f70ad95bc1e08eee29bfee99e3f)
    #3 0x7479166cb134  (/lib/x86_64-linux-gnu/libGLX_mesa.so.0+0x35134) (BuildId: eb4fad4513221f70ad95bc1e08eee29bfee99e3f)
    #4 0x7479166c5e98  (/lib/x86_64-linux-gnu/libGLX_mesa.so.0+0x2fe98) (BuildId: eb4fad4513221f70ad95bc1e08eee29bfee99e3f)
    #5 0x7479166ca718  (/lib/x86_64-linux-gnu/libGLX_mesa.so.0+0x34718) (BuildId: eb4fad4513221f70ad95bc1e08eee29bfee99e3f)
    #6 0x7479166cb78c  (/lib/x86_64-linux-gnu/libGLX_mesa.so.0+0x3578c) (BuildId: eb4fad4513221f70ad95bc1e08eee29bfee99e3f)
    #7 0x7479166c8272  (/lib/x86_64-linux-gnu/libGLX_mesa.so.0+0x32272) (BuildId: eb4fad4513221f70ad95bc1e08eee29bfee99e3f)
    #8 0x74791881702c  (/lib/x86_64-linux-gnu/libsfml-window.so.2.6+0x2302c) (BuildId: c09232c3a63162e07bdc42b457f9092924abca08)
    #9 0x74791881733e  (/lib/x86_64-linux-gnu/libsfml-window.so.2.6+0x2333e) (BuildId: c09232c3a63162e07bdc42b457f9092924abca08)
    #10 0x747918819c35  (/lib/x86_64-linux-gnu/libsfml-window.so.2.6+0x25c35) (BuildId: c09232c3a63162e07bdc42b457f9092924abca08)
    #11 0x747918802216 in sf::GlResource::GlResource() (/lib/x86_64-linux-gnu/libsfml-window.so.2.6+0xe216) (BuildId: c09232c3a63162e07bdc42b457f9092924abca08)
    #12 0x747918806f8a in sf::Window::Window() (/lib/x86_64-linux-gnu/libsfml-window.so.2.6+0x12f8a) (BuildId: c09232c3a63162e07bdc42b457f9092924abca08)
    #13 0x74791884fda2 in sf::RenderWindow::RenderWindow() (/lib/x86_64-linux-gnu/libsfml-graphics.so.2.6+0x20da2) (BuildId: 005718ce5f34ab911bf24830c0107d70e470ae10)
    #14 0x5cca2af8a29b in DOCTEST_ANON_FUNC_49 /home/crem/chess_cpp/test.cpp:267
    #15 0x5cca2af564dd in doctest::Context::run() /home/crem/chess_cpp/doctest.h:7035
    #16 0x5cca2af5a05c in main /home/crem/chess_cpp/doctest.h:7113
    #17 0x74791702a1c9 in __libc_start_call_main ../sysdeps/nptl/libc_start_call_main.h:58
    #18 0x74791702a28a in __libc_start_main_impl ../csu/libc-start.c:360
    #19 0x5cca2aee1734 in _start (/home/crem/chess_cpp/build/Debug/chess.t+0x1c5734) (BuildId: 428daf2ba6c391d2a7e1dfb68cf2aecee5193306)

Direct leak of 672 byte(s) in 3 object(s) allocated from:
    #0 0x7479180fd340 in calloc ../../../../src/libsanitizer/asan/asan_malloc_linux.cpp:77
    #1 0x7479166c9c0e  (/lib/x86_64-linux-gnu/libGLX_mesa.so.0+0x33c0e) (BuildId: eb4fad4513221f70ad95bc1e08eee29bfee99e3f)
    #2 0x7479166caf1f  (/lib/x86_64-linux-gnu/libGLX_mesa.so.0+0x34f1f) (BuildId: eb4fad4513221f70ad95bc1e08eee29bfee99e3f)
    #3 0x7479166cb1e6  (/lib/x86_64-linux-gnu/libGLX_mesa.so.0+0x351e6) (BuildId: eb4fad4513221f70ad95bc1e08eee29bfee99e3f)
    #4 0x7479166c5e98  (/lib/x86_64-linux-gnu/libGLX_mesa.so.0+0x2fe98) (BuildId: eb4fad4513221f70ad95bc1e08eee29bfee99e3f)
    #5 0x7479166ca718  (/lib/x86_64-linux-gnu/libGLX_mesa.so.0+0x34718) (BuildId: eb4fad4513221f70ad95bc1e08eee29bfee99e3f)
    #6 0x7479166cb78c  (/lib/x86_64-linux-gnu/libGLX_mesa.so.0+0x3578c) (BuildId: eb4fad4513221f70ad95bc1e08eee29bfee99e3f)
    #7 0x7479166c8272  (/lib/x86_64-linux-gnu/libGLX_mesa.so.0+0x32272) (BuildId: eb4fad4513221f70ad95bc1e08eee29bfee99e3f)
    #8 0x74791881702c  (/lib/x86_64-linux-gnu/libsfml-window.so.2.6+0x2302c) (BuildId: c09232c3a63162e07bdc42b457f9092924abca08)
    #9 0x74791881733e  (/lib/x86_64-linux-gnu/libsfml-window.so.2.6+0x2333e) (BuildId: c09232c3a63162e07bdc42b457f9092924abca08)
    #10 0x747918819c35  (/lib/x86_64-linux-gnu/libsfml-window.so.2.6+0x25c35) (BuildId: c09232c3a63162e07bdc42b457f9092924abca08)
    #11 0x747918802216 in sf::GlResource::GlResource() (/lib/x86_64-linux-gnu/libsfml-window.so.2.6+0xe216) (BuildId: c09232c3a63162e07bdc42b457f9092924abca08)
    #12 0x747918806f8a in sf::Window::Window() (/lib/x86_64-linux-gnu/libsfml-window.so.2.6+0x12f8a) (BuildId: c09232c3a63162e07bdc42b457f9092924abca08)
    #13 0x74791884fda2 in sf::RenderWindow::RenderWindow() (/lib/x86_64-linux-gnu/libsfml-graphics.so.2.6+0x20da2) (BuildId: 005718ce5f34ab911bf24830c0107d70e470ae10)
    #14 0x5cca2af8a29b in DOCTEST_ANON_FUNC_49 /home/crem/chess_cpp/test.cpp:267
    #15 0x5cca2af564dd in doctest::Context::run() /home/crem/chess_cpp/doctest.h:7035
    #16 0x5cca2af5a05c in main /home/crem/chess_cpp/doctest.h:7113
    #17 0x74791702a1c9 in __libc_start_call_main ../sysdeps/nptl/libc_start_call_main.h:58
    #18 0x74791702a28a in __libc_start_main_impl ../csu/libc-start.c:360
    #19 0x5cca2aee1734 in _start (/home/crem/chess_cpp/build/Debug/chess.t+0x1c5734) (BuildId: 428daf2ba6c391d2a7e1dfb68cf2aecee5193306)

Direct leak of 601 byte(s) in 1 object(s) allocated from:
    #0 0x7479180fd9c7 in malloc ../../../../src/libsanitizer/asan/asan_malloc_linux.cpp:69
    #1 0x7479166cdc73  (/lib/x86_64-linux-gnu/libGLX_mesa.so.0+0x37c73) (BuildId: eb4fad4513221f70ad95bc1e08eee29bfee99e3f)
    #2 0x7479166cb173  (/lib/x86_64-linux-gnu/libGLX_mesa.so.0+0x35173) (BuildId: eb4fad4513221f70ad95bc1e08eee29bfee99e3f)
    #3 0x7479166c5e98  (/lib/x86_64-linux-gnu/libGLX_mesa.so.0+0x2fe98) (BuildId: eb4fad4513221f70ad95bc1e08eee29bfee99e3f)
    #4 0x7479166ca718  (/lib/x86_64-linux-gnu/libGLX_mesa.so.0+0x34718) (BuildId: eb4fad4513221f70ad95bc1e08eee29bfee99e3f)
    #5 0x7479166cb78c  (/lib/x86_64-linux-gnu/libGLX_mesa.so.0+0x3578c) (BuildId: eb4fad4513221f70ad95bc1e08eee29bfee99e3f)
    #6 0x7479166c8272  (/lib/x86_64-linux-gnu/libGLX_mesa.so.0+0x32272) (BuildId: eb4fad4513221f70ad95bc1e08eee29bfee99e3f)
    #7 0x74791881702c  (/lib/x86_64-linux-gnu/libsfml-window.so.2.6+0x2302c) (BuildId: c09232c3a63162e07bdc42b457f9092924abca08)
    #8 0x74791881733e  (/lib/x86_64-linux-gnu/libsfml-window.so.2.6+0x2333e) (BuildId: c09232c3a63162e07bdc42b457f9092924abca08)
    #9 0x747918819c35  (/lib/x86_64-linux-gnu/libsfml-window.so.2.6+0x25c35) (BuildId: c09232c3a63162e07bdc42b457f9092924abca08)
    #10 0x747918802216 in sf::GlResource::GlResource() (/lib/x86_64-linux-gnu/libsfml-window.so.2.6+0xe216) (BuildId: c09232c3a63162e07bdc42b457f9092924abca08)
    #11 0x747918853e3b in sf::Texture::Texture() (/lib/x86_64-linux-gnu/libsfml-graphics.so.2.6+0x24e3b) (BuildId: 005718ce5f34ab911bf24830c0107d70e470ae10)
    #12 0x5cca2b01d08f in Piece::Piece(Name, Color) /home/crem/chess_cpp/Pieces.cpp:18
    #13 0x5cca2b02035e in Knight::Knight(Color) /home/crem/chess_cpp/Pieces.cpp:107
    #14 0x5cca2af5ceaa in DOCTEST_ANON_FUNC_14 /home/crem/chess_cpp/test.cpp:22
    #15 0x5cca2af564dd in doctest::Context::run() /home/crem/chess_cpp/doctest.h:7035
    #16 0x5cca2af5a05c in main /home/crem/chess_cpp/doctest.h:7113
    #17 0x74791702a1c9 in __libc_start_call_main ../sysdeps/nptl/libc_start_call_main.h:58
    #18 0x74791702a28a in __libc_start_main_impl ../csu/libc-start.c:360
    #19 0x5cca2aee1734 in _start (/home/crem/chess_cpp/build/Debug/chess.t+0x1c5734) (BuildId: 428daf2ba6c391d2a7e1dfb68cf2aecee5193306)

Direct leak of 601 byte(s) in 1 object(s) allocated from:
    #0 0x7479180fd9c7 in malloc ../../../../src/libsanitizer/asan/asan_malloc_linux.cpp:69
    #1 0x7479166cdc73  (/lib/x86_64-linux-gnu/libGLX_mesa.so.0+0x37c73) (BuildId: eb4fad4513221f70ad95bc1e08eee29bfee99e3f)
    #2 0x7479166cb173  (/lib/x86_64-linux-gnu/libGLX_mesa.so.0+0x35173) (BuildId: eb4fad4513221f70ad95bc1e08eee29bfee99e3f)
    #3 0x7479166c5e98  (/lib/x86_64-linux-gnu/libGLX_mesa.so.0+0x2fe98) (BuildId: eb4fad4513221f70ad95bc1e08eee29bfee99e3f)
    #4 0x7479166ca718  (/lib/x86_64-linux-gnu/libGLX_mesa.so.0+0x34718) (BuildId: eb4fad4513221f70ad95bc1e08eee29bfee99e3f)
    #5 0x7479166cb78c  (/lib/x86_64-linux-gnu/libGLX_mesa.so.0+0x3578c) (BuildId: eb4fad4513221f70ad95bc1e08eee29bfee99e3f)
    #6 0x7479166c7e14  (/lib/x86_64-linux-gnu/libGLX_mesa.so.0+0x31e14) (BuildId: eb4fad4513221f70ad95bc1e08eee29bfee99e3f)
    #7 0x747918814f0d  (/lib/x86_64-linux-gnu/libsfml-window.so.2.6+0x20f0d) (BuildId: c09232c3a63162e07bdc42b457f9092924abca08)
    #8 0x7479188152c2  (/lib/x86_64-linux-gnu/libsfml-window.so.2.6+0x212c2) (BuildId: c09232c3a63162e07bdc42b457f9092924abca08)
    #9 0x747918816d12  (/lib/x86_64-linux-gnu/libsfml-window.so.2.6+0x22d12) (BuildId: c09232c3a63162e07bdc42b457f9092924abca08)
    #10 0x747918819c57  (/lib/x86_64-linux-gnu/libsfml-window.so.2.6+0x25c57) (BuildId: c09232c3a63162e07bdc42b457f9092924abca08)
    #11 0x747918802216 in sf::GlResource::GlResource() (/lib/x86_64-linux-gnu/libsfml-window.so.2.6+0xe216) (BuildId: c09232c3a63162e07bdc42b457f9092924abca08)
    #12 0x747918853e3b in sf::Texture::Texture() (/lib/x86_64-linux-gnu/libsfml-graphics.so.2.6+0x24e3b) (BuildId: 005718ce5f34ab911bf24830c0107d70e470ae10)
    #13 0x5cca2b01d08f in Piece::Piece(Name, Color) /home/crem/chess_cpp/Pieces.cpp:18
    #14 0x5cca2b01e4f0 in King::King(Color) /home/crem/chess_cpp/Pieces.cpp:50
    #15 0x5cca2af5b2de in DOCTEST_ANON_FUNC_14 /home/crem/chess_cpp/test.cpp:14
    #16 0x5cca2af564dd in doctest::Context::run() /home/crem/chess_cpp/doctest.h:7035
    #17 0x5cca2af5a05c in main /home/crem/chess_cpp/doctest.h:7113
    #18 0x74791702a1c9 in __libc_start_call_main ../sysdeps/nptl/libc_start_call_main.h:58
    #19 0x74791702a28a in __libc_start_main_impl ../csu/libc-start.c:360
    #20 0x5cca2aee1734 in _start (/home/crem/chess_cpp/build/Debug/chess.t+0x1c5734) (BuildId: 428daf2ba6c391d2a7e1dfb68cf2aecee5193306)

Direct leak of 601 byte(s) in 1 object(s) allocated from:
    #0 0x7479180fd9c7 in malloc ../../../../src/libsanitizer/asan/asan_malloc_linux.cpp:69
    #1 0x7479166cdc73  (/lib/x86_64-linux-gnu/libGLX_mesa.so.0+0x37c73) (BuildId: eb4fad4513221f70ad95bc1e08eee29bfee99e3f)
    #2 0x7479166cb173  (/lib/x86_64-linux-gnu/libGLX_mesa.so.0+0x35173) (BuildId: eb4fad4513221f70ad95bc1e08eee29bfee99e3f)
    #3 0x7479166c5e98  (/lib/x86_64-linux-gnu/libGLX_mesa.so.0+0x2fe98) (BuildId: eb4fad4513221f70ad95bc1e08eee29bfee99e3f)
    #4 0x7479166ca718  (/lib/x86_64-linux-gnu/libGLX_mesa.so.0+0x34718) (BuildId: eb4fad4513221f70ad95bc1e08eee29bfee99e3f)
    #5 0x7479166cb78c  (/lib/x86_64-linux-gnu/libGLX_mesa.so.0+0x3578c) (BuildId: eb4fad4513221f70ad95bc1e08eee29bfee99e3f)
    #6 0x7479166c8272  (/lib/x86_64-linux-gnu/libGLX_mesa.so.0+0x32272) (BuildId: eb4fad4513221f70ad95bc1e08eee29bfee99e3f)
    #7 0x74791881702c  (/lib/x86_64-linux-gnu/libsfml-window.so.2.6+0x2302c) (BuildId: c09232c3a63162e07bdc42b457f9092924abca08)
    #8 0x74791881733e  (/lib/x86_64-linux-gnu/libsfml-window.so.2.6+0x2333e) (BuildId: c09232c3a63162e07bdc42b457f9092924abca08)
    #9 0x747918819c35  (/lib/x86_64-linux-gnu/libsfml-window.so.2.6+0x25c35) (BuildId: c09232c3a63162e07bdc42b457f9092924abca08)
    #10 0x747918802216 in sf::GlResource::GlResource() (/lib/x86_64-linux-gnu/libsfml-window.so.2.6+0xe216) (BuildId: c09232c3a63162e07bdc42b457f9092924abca08)
    #11 0x747918853e3b in sf::Texture::Texture() (/lib/x86_64-linux-gnu/libsfml-graphics.so.2.6+0x24e3b) (BuildId: 005718ce5f34ab911bf24830c0107d70e470ae10)
    #12 0x5cca2b01d08f in Piece::Piece(Name, Color) /home/crem/chess_cpp/Pieces.cpp:18
    #13 0x5cca2b021230 in Bishop::Bishop(Color) /home/crem/chess_cpp/Pieces.cpp:132
    #14 0x5cca2af6220e in DOCTEST_ANON_FUNC_14 /home/crem/chess_cpp/test.cpp:46
    #15 0x5cca2af564dd in doctest::Context::run() /home/crem/chess_cpp/doctest.h:7035
    #16 0x5cca2af5a05c in main /home/crem/chess_cpp/doctest.h:7113
    #17 0x74791702a1c9 in __libc_start_call_main ../sysdeps/nptl/libc_start_call_main.h:58
    #18 0x74791702a28a in __libc_start_main_impl ../csu/libc-start.c:360
    #19 0x5cca2aee1734 in _start (/home/crem/chess_cpp/build/Debug/chess.t+0x1c5734) (BuildId: 428daf2ba6c391d2a7e1dfb68cf2aecee5193306)

Direct leak of 601 byte(s) in 1 object(s) allocated from:
    #0 0x7479180fd9c7 in malloc ../../../../src/libsanitizer/asan/asan_malloc_linux.cpp:69
    #1 0x7479166cdc73  (/lib/x86_64-linux-gnu/libGLX_mesa.so.0+0x37c73) (BuildId: eb4fad4513221f70ad95bc1e08eee29bfee99e3f)
    #2 0x7479166cb173  (/lib/x86_64-linux-gnu/libGLX_mesa.so.0+0x35173) (BuildId: eb4fad4513221f70ad95bc1e08eee29bfee99e3f)
    #3 0x7479166c5e98  (/lib/x86_64-linux-gnu/libGLX_mesa.so.0+0x2fe98) (BuildId: eb4fad4513221f70ad95bc1e08eee29bfee99e3f)
    #4 0x7479166ca718  (/lib/x86_64-linux-gnu/libGLX_mesa.so.0+0x34718) (BuildId: eb4fad4513221f70ad95bc1e08eee29bfee99e3f)
    #5 0x7479166cb78c  (/lib/x86_64-linux-gnu/libGLX_mesa.so.0+0x3578c) (BuildId: eb4fad4513221f70ad95bc1e08eee29bfee99e3f)
    #6 0x7479166c8272  (/lib/x86_64-linux-gnu/libGLX_mesa.so.0+0x32272) (BuildId: eb4fad4513221f70ad95bc1e08eee29bfee99e3f)
    #7 0x74791881702c  (/lib/x86_64-linux-gnu/libsfml-window.so.2.6+0x2302c) (BuildId: c09232c3a63162e07bdc42b457f9092924abca08)
    #8 0x74791881733e  (/lib/x86_64-linux-gnu/libsfml-window.so.2.6+0x2333e) (BuildId: c09232c3a63162e07bdc42b457f9092924abca08)
    #9 0x747918819c35  (/lib/x86_64-linux-gnu/libsfml-window.so.2.6+0x25c35) (BuildId: c09232c3a63162e07bdc42b457f9092924abca08)
    #10 0x747918802216 in sf::GlResource::GlResource() (/lib/x86_64-linux-gnu/libsfml-window.so.2.6+0xe216) (BuildId: c09232c3a63162e07bdc42b457f9092924abca08)
    #11 0x747918853e3b in sf::Texture::Texture() (/lib/x86_64-linux-gnu/libsfml-graphics.so.2.6+0x24e3b) (BuildId: 005718ce5f34ab911bf24830c0107d70e470ae10)
    #12 0x5cca2b01d08f in Piece::Piece(Name, Color) /home/crem/chess_cpp/Pieces.cpp:18
    #13 0x5cca2b0220d4 in Rook::Rook(Color) /home/crem/chess_cpp/Pieces.cpp:157
    #14 0x5cca2af5ea76 in DOCTEST_ANON_FUNC_14 /home/crem/chess_cpp/test.cpp:30
    #15 0x5cca2af564dd in doctest::Context::run() /home/crem/chess_cpp/doctest.h:7035
    #16 0x5cca2af5a05c in main /home/crem/chess_cpp/doctest.h:7113
    #17 0x74791702a1c9 in __libc_start_call_main ../sysdeps/nptl/libc_start_call_main.h:58
    #18 0x74791702a28a in __libc_start_main_impl ../csu/libc-start.c:360
    #19 0x5cca2aee1734 in _start (/home/crem/chess_cpp/build/Debug/chess.t+0x1c5734) (BuildId: 428daf2ba6c391d2a7e1dfb68cf2aecee5193306)

Direct leak of 601 byte(s) in 1 object(s) allocated from:
    #0 0x7479180fd9c7 in malloc ../../../../src/libsanitizer/asan/asan_malloc_linux.cpp:69
    #1 0x7479166cdc73  (/lib/x86_64-linux-gnu/libGLX_mesa.so.0+0x37c73) (BuildId: eb4fad4513221f70ad95bc1e08eee29bfee99e3f)
    #2 0x7479166cb173  (/lib/x86_64-linux-gnu/libGLX_mesa.so.0+0x35173) (BuildId: eb4fad4513221f70ad95bc1e08eee29bfee99e3f)
    #3 0x7479166c5e98  (/lib/x86_64-linux-gnu/libGLX_mesa.so.0+0x2fe98) (BuildId: eb4fad4513221f70ad95bc1e08eee29bfee99e3f)
    #4 0x7479166ca718  (/lib/x86_64-linux-gnu/libGLX_mesa.so.0+0x34718) (BuildId: eb4fad4513221f70ad95bc1e08eee29bfee99e3f)
    #5 0x7479166cb78c  (/lib/x86_64-linux-gnu/libGLX_mesa.so.0+0x3578c) (BuildId: eb4fad4513221f70ad95bc1e08eee29bfee99e3f)
    #6 0x7479166c8272  (/lib/x86_64-linux-gnu/libGLX_mesa.so.0+0x32272) (BuildId: eb4fad4513221f70ad95bc1e08eee29bfee99e3f)
    #7 0x74791881702c  (/lib/x86_64-linux-gnu/libsfml-window.so.2.6+0x2302c) (BuildId: c09232c3a63162e07bdc42b457f9092924abca08)
    #8 0x74791881733e  (/lib/x86_64-linux-gnu/libsfml-window.so.2.6+0x2333e) (BuildId: c09232c3a63162e07bdc42b457f9092924abca08)
    #9 0x747918819c35  (/lib/x86_64-linux-gnu/libsfml-window.so.2.6+0x25c35) (BuildId: c09232c3a63162e07bdc42b457f9092924abca08)
    #10 0x747918802216 in sf::GlResource::GlResource() (/lib/x86_64-linux-gnu/libsfml-window.so.2.6+0xe216) (BuildId: c09232c3a63162e07bdc42b457f9092924abca08)
    #11 0x747918806f8a in sf::Window::Window() (/lib/x86_64-linux-gnu/libsfml-window.so.2.6+0x12f8a) (BuildId: c09232c3a63162e07bdc42b457f9092924abca08)
    #12 0x74791884fda2 in sf::RenderWindow::RenderWindow() (/lib/x86_64-linux-gnu/libsfml-graphics.so.2.6+0x20da2) (BuildId: 005718ce5f34ab911bf24830c0107d70e470ae10)
    #13 0x5cca2af8e484 in DOCTEST_ANON_FUNC_54 /home/crem/chess_cpp/test.cpp:293
    #14 0x5cca2af564dd in doctest::Context::run() /home/crem/chess_cpp/doctest.h:7035
    #15 0x5cca2af5a05c in main /home/crem/chess_cpp/doctest.h:7113
    #16 0x74791702a1c9 in __libc_start_call_main ../sysdeps/nptl/libc_start_call_main.h:58
    #17 0x74791702a28a in __libc_start_main_impl ../csu/libc-start.c:360
    #18 0x5cca2aee1734 in _start (/home/crem/chess_cpp/build/Debug/chess.t+0x1c5734) (BuildId: 428daf2ba6c391d2a7e1dfb68cf2aecee5193306)

Direct leak of 601 byte(s) in 1 object(s) allocated from:
    #0 0x7479180fd9c7 in malloc ../../../../src/libsanitizer/asan/asan_malloc_linux.cpp:69
    #1 0x7479166cdc73  (/lib/x86_64-linux-gnu/libGLX_mesa.so.0+0x37c73) (BuildId: eb4fad4513221f70ad95bc1e08eee29bfee99e3f)
    #2 0x7479166cb173  (/lib/x86_64-linux-gnu/libGLX_mesa.so.0+0x35173) (BuildId: eb4fad4513221f70ad95bc1e08eee29bfee99e3f)
    #3 0x7479166c5e98  (/lib/x86_64-linux-gnu/libGLX_mesa.so.0+0x2fe98) (BuildId: eb4fad4513221f70ad95bc1e08eee29bfee99e3f)
    #4 0x7479166ca718  (/lib/x86_64-linux-gnu/libGLX_mesa.so.0+0x34718) (BuildId: eb4fad4513221f70ad95bc1e08eee29bfee99e3f)
    #5 0x7479166cb78c  (/lib/x86_64-linux-gnu/libGLX_mesa.so.0+0x3578c) (BuildId: eb4fad4513221f70ad95bc1e08eee29bfee99e3f)
    #6 0x7479166c8272  (/lib/x86_64-linux-gnu/libGLX_mesa.so.0+0x32272) (BuildId: eb4fad4513221f70ad95bc1e08eee29bfee99e3f)
    #7 0x74791881702c  (/lib/x86_64-linux-gnu/libsfml-window.so.2.6+0x2302c) (BuildId: c09232c3a63162e07bdc42b457f9092924abca08)
    #8 0x74791881733e  (/lib/x86_64-linux-gnu/libsfml-window.so.2.6+0x2333e) (BuildId: c09232c3a63162e07bdc42b457f9092924abca08)
    #9 0x747918819c35  (/lib/x86_64-linux-gnu/libsfml-window.so.2.6+0x25c35) (BuildId: c09232c3a63162e07bdc42b457f9092924abca08)
    #10 0x747918802216 in sf::GlResource::GlResource() (/lib/x86_64-linux-gnu/libsfml-window.so.2.6+0xe216) (BuildId: c09232c3a63162e07bdc42b457f9092924abca08)
    #11 0x747918806f8a in sf::Window::Window() (/lib/x86_64-linux-gnu/libsfml-window.so.2.6+0x12f8a) (BuildId: c09232c3a63162e07bdc42b457f9092924abca08)
    #12 0x74791884fda2 in sf::RenderWindow::RenderWindow() (/lib/x86_64-linux-gnu/libsfml-graphics.so.2.6+0x20da2) (BuildId: 005718ce5f34ab911bf24830c0107d70e470ae10)
    #13 0x5cca2af6ea5a in DOCTEST_ANON_FUNC_26 /home/crem/chess_cpp/test.cpp:100
    #14 0x5cca2af564dd in doctest::Context::run() /home/crem/chess_cpp/doctest.h:7035
    #15 0x5cca2af5a05c in main /home/crem/chess_cpp/doctest.h:7113
    #16 0x74791702a1c9 in __libc_start_call_main ../sysdeps/nptl/libc_start_call_main.h:58
    #17 0x74791702a28a in __libc_start_main_impl ../csu/libc-start.c:360
    #18 0x5cca2aee1734 in _start (/home/crem/chess_cpp/build/Debug/chess.t+0x1c5734) (BuildId: 428daf2ba6c391d2a7e1dfb68cf2aecee5193306)

Direct leak of 601 byte(s) in 1 object(s) allocated from:
    #0 0x7479180fd9c7 in malloc ../../../../src/libsanitizer/asan/asan_malloc_linux.cpp:69
    #1 0x7479166cdc73  (/lib/x86_64-linux-gnu/libGLX_mesa.so.0+0x37c73) (BuildId: eb4fad4513221f70ad95bc1e08eee29bfee99e3f)
    #2 0x7479166cb173  (/lib/x86_64-linux-gnu/libGLX_mesa.so.0+0x35173) (BuildId: eb4fad4513221f70ad95bc1e08eee29bfee99e3f)
    #3 0x7479166c5e98  (/lib/x86_64-linux-gnu/libGLX_mesa.so.0+0x2fe98) (BuildId: eb4fad4513221f70ad95bc1e08eee29bfee99e3f)
    #4 0x7479166ca718  (/lib/x86_64-linux-gnu/libGLX_mesa.so.0+0x34718) (BuildId: eb4fad4513221f70ad95bc1e08eee29bfee99e3f)
    #5 0x7479166cb78c  (/lib/x86_64-linux-gnu/libGLX_mesa.so.0+0x3578c) (BuildId: eb4fad4513221f70ad95bc1e08eee29bfee99e3f)
    #6 0x7479166c8272  (/lib/x86_64-linux-gnu/libGLX_mesa.so.0+0x32272) (BuildId: eb4fad4513221f70ad95bc1e08eee29bfee99e3f)
    #7 0x74791881702c  (/lib/x86_64-linux-gnu/libsfml-window.so.2.6+0x2302c) (BuildId: c09232c3a63162e07bdc42b457f9092924abca08)
    #8 0x74791881733e  (/lib/x86_64-linux-gnu/libsfml-window.so.2.6+0x2333e) (BuildId: c09232c3a63162e07bdc42b457f9092924abca08)
    #9 0x747918819c35  (/lib/x86_64-linux-gnu/libsfml-window.so.2.6+0x25c35) (BuildId: c09232c3a63162e07bdc42b457f9092924abca08)
    #10 0x747918802216 in sf::GlResource::GlResource() (/lib/x86_64-linux-gnu/libsfml-window.so.2.6+0xe216) (BuildId: c09232c3a63162e07bdc42b457f9092924abca08)
    #11 0x747918853e3b in sf::Texture::Texture() (/lib/x86_64-linux-gnu/libsfml-graphics.so.2.6+0x24e3b) (BuildId: 005718ce5f34ab911bf24830c0107d70e470ae10)
    #12 0x5cca2b01d08f in Piece::Piece(Name, Color) /home/crem/chess_cpp/Pieces.cpp:18
    #13 0x5cca2b022ee4 in Pawn::Pawn(Color) /home/crem/chess_cpp/Pieces.cpp:179
    #14 0x5cca2af63dda in DOCTEST_ANON_FUNC_14 /home/crem/chess_cpp/test.cpp:54
    #15 0x5cca2af564dd in doctest::Context::run() /home/crem/chess_cpp/doctest.h:7035
    #16 0x5cca2af5a05c in main /home/crem/chess_cpp/doctest.h:7113
    #17 0x74791702a1c9 in __libc_start_call_main ../sysdeps/nptl/libc_start_call_main.h:58
    #18 0x74791702a28a in __libc_start_main_impl ../csu/libc-start.c:360
    #19 0x5cca2aee1734 in _start (/home/crem/chess_cpp/build/Debug/chess.t+0x1c5734) (BuildId: 428daf2ba6c391d2a7e1dfb68cf2aecee5193306)

Direct leak of 601 byte(s) in 1 object(s) allocated from:
    #0 0x7479180fd9c7 in malloc ../../../../src/libsanitizer/asan/asan_malloc_linux.cpp:69
    #1 0x7479166cdc73  (/lib/x86_64-linux-gnu/libGLX_mesa.so.0+0x37c73) (BuildId: eb4fad4513221f70ad95bc1e08eee29bfee99e3f)
    #2 0x7479166cb173  (/lib/x86_64-linux-gnu/libGLX_mesa.so.0+0x35173) (BuildId: eb4fad4513221f70ad95bc1e08eee29bfee99e3f)
    #3 0x7479166c5e98  (/lib/x86_64-linux-gnu/libGLX_mesa.so.0+0x2fe98) (BuildId: eb4fad4513221f70ad95bc1e08eee29bfee99e3f)
    #4 0x7479166ca718  (/lib/x86_64-linux-gnu/libGLX_mesa.so.0+0x34718) (BuildId: eb4fad4513221f70ad95bc1e08eee29bfee99e3f)
    #5 0x7479166cb78c  (/lib/x86_64-linux-gnu/libGLX_mesa.so.0+0x3578c) (BuildId: eb4fad4513221f70ad95bc1e08eee29bfee99e3f)
    #6 0x7479166c8272  (/lib/x86_64-linux-gnu/libGLX_mesa.so.0+0x32272) (BuildId: eb4fad4513221f70ad95bc1e08eee29bfee99e3f)
    #7 0x74791881702c  (/lib/x86_64-linux-gnu/libsfml-window.so.2.6+0x2302c) (BuildId: c09232c3a63162e07bdc42b457f9092924abca08)
    #8 0x74791881733e  (/lib/x86_64-linux-gnu/libsfml-window.so.2.6+0x2333e) (BuildId: c09232c3a63162e07bdc42b457f9092924abca08)
    #9 0x747918819c35  (/lib/x86_64-linux-gnu/libsfml-window.so.2.6+0x25c35) (BuildId: c09232c3a63162e07bdc42b457f9092924abca08)
    #10 0x747918802216 in sf::GlResource::GlResource() (/lib/x86_64-linux-gnu/libsfml-window.so.2.6+0xe216) (BuildId: c09232c3a63162e07bdc42b457f9092924abca08)
    #11 0x747918853e3b in sf::Texture::Texture() (/lib/x86_64-linux-gnu/libsfml-graphics.so.2.6+0x24e3b) (BuildId: 005718ce5f34ab911bf24830c0107d70e470ae10)
    #12 0x5cca2b01d08f in Piece::Piece(Name, Color) /home/crem/chess_cpp/Pieces.cpp:18
    #13 0x5cca2b01f3a4 in Queen::Queen(Color) /home/crem/chess_cpp/Pieces.cpp:75
    #14 0x5cca2af60642 in DOCTEST_ANON_FUNC_14 /home/crem/chess_cpp/test.cpp:38
    #15 0x5cca2af564dd in doctest::Context::run() /home/crem/chess_cpp/doctest.h:7035
    #16 0x5cca2af5a05c in main /home/crem/chess_cpp/doctest.h:7113
    #17 0x74791702a1c9 in __libc_start_call_main ../sysdeps/nptl/libc_start_call_main.h:58
    #18 0x74791702a28a in __libc_start_main_impl ../csu/libc-start.c:360
    #19 0x5cca2aee1734 in _start (/home/crem/chess_cpp/build/Debug/chess.t+0x1c5734) (BuildId: 428daf2ba6c391d2a7e1dfb68cf2aecee5193306)

Direct leak of 448 byte(s) in 2 object(s) allocated from:
    #0 0x7479180fd340 in calloc ../../../../src/libsanitizer/asan/asan_malloc_linux.cpp:77
    #1 0x7479166c9c0e  (/lib/x86_64-linux-gnu/libGLX_mesa.so.0+0x33c0e) (BuildId: eb4fad4513221f70ad95bc1e08eee29bfee99e3f)
    #2 0x7479166caf1f  (/lib/x86_64-linux-gnu/libGLX_mesa.so.0+0x34f1f) (BuildId: eb4fad4513221f70ad95bc1e08eee29bfee99e3f)
    #3 0x7479166cb1e6  (/lib/x86_64-linux-gnu/libGLX_mesa.so.0+0x351e6) (BuildId: eb4fad4513221f70ad95bc1e08eee29bfee99e3f)
    #4 0x7479166c5e98  (/lib/x86_64-linux-gnu/libGLX_mesa.so.0+0x2fe98) (BuildId: eb4fad4513221f70ad95bc1e08eee29bfee99e3f)
    #5 0x7479166ca718  (/lib/x86_64-linux-gnu/libGLX_mesa.so.0+0x34718) (BuildId: eb4fad4513221f70ad95bc1e08eee29bfee99e3f)
    #6 0x7479166cb78c  (/lib/x86_64-linux-gnu/libGLX_mesa.so.0+0x3578c) (BuildId: eb4fad4513221f70ad95bc1e08eee29bfee99e3f)
    #7 0x7479166c8272  (/lib/x86_64-linux-gnu/libGLX_mesa.so.0+0x32272) (BuildId: eb4fad4513221f70ad95bc1e08eee29bfee99e3f)
    #8 0x74791881702c  (/lib/x86_64-linux-gnu/libsfml-window.so.2.6+0x2302c) (BuildId: c09232c3a63162e07bdc42b457f9092924abca08)
    #9 0x74791881733e  (/lib/x86_64-linux-gnu/libsfml-window.so.2.6+0x2333e) (BuildId: c09232c3a63162e07bdc42b457f9092924abca08)
    #10 0x747918819c35  (/lib/x86_64-linux-gnu/libsfml-window.so.2.6+0x25c35) (BuildId: c09232c3a63162e07bdc42b457f9092924abca08)
    #11 0x747918802216 in sf::GlResource::GlResource() (/lib/x86_64-linux-gnu/libsfml-window.so.2.6+0xe216) (BuildId: c09232c3a63162e07bdc42b457f9092924abca08)
    #12 0x747918806f8a in sf::Window::Window() (/lib/x86_64-linux-gnu/libsfml-window.so.2.6+0x12f8a) (BuildId: c09232c3a63162e07bdc42b457f9092924abca08)
    #13 0x74791884fda2 in sf::RenderWindow::RenderWindow() (/lib/x86_64-linux-gnu/libsfml-graphics.so.2.6+0x20da2) (BuildId: 005718ce5f34ab911bf24830c0107d70e470ae10)
    #14 0x5cca2af8480e in DOCTEST_ANON_FUNC_45 /home/crem/chess_cpp/test.cpp:237
    #15 0x5cca2af564dd in doctest::Context::run() /home/crem/chess_cpp/doctest.h:7035
    #16 0x5cca2af5a05c in main /home/crem/chess_cpp/doctest.h:7113
    #17 0x74791702a1c9 in __libc_start_call_main ../sysdeps/nptl/libc_start_call_main.h:58
    #18 0x74791702a28a in __libc_start_main_impl ../csu/libc-start.c:360
    #19 0x5cca2aee1734 in _start (/home/crem/chess_cpp/build/Debug/chess.t+0x1c5734) (BuildId: 428daf2ba6c391d2a7e1dfb68cf2aecee5193306)

Direct leak of 448 byte(s) in 2 object(s) allocated from:
    #0 0x7479180fd340 in calloc ../../../../src/libsanitizer/asan/asan_malloc_linux.cpp:77
    #1 0x7479166c9c0e  (/lib/x86_64-linux-gnu/libGLX_mesa.so.0+0x33c0e) (BuildId: eb4fad4513221f70ad95bc1e08eee29bfee99e3f)
    #2 0x7479166caf1f  (/lib/x86_64-linux-gnu/libGLX_mesa.so.0+0x34f1f) (BuildId: eb4fad4513221f70ad95bc1e08eee29bfee99e3f)
    #3 0x7479166cb1e6  (/lib/x86_64-linux-gnu/libGLX_mesa.so.0+0x351e6) (BuildId: eb4fad4513221f70ad95bc1e08eee29bfee99e3f)
    #4 0x7479166c5e98  (/lib/x86_64-linux-gnu/libGLX_mesa.so.0+0x2fe98) (BuildId: eb4fad4513221f70ad95bc1e08eee29bfee99e3f)
    #5 0x7479166ca718  (/lib/x86_64-linux-gnu/libGLX_mesa.so.0+0x34718) (BuildId: eb4fad4513221f70ad95bc1e08eee29bfee99e3f)
    #6 0x7479166cb78c  (/lib/x86_64-linux-gnu/libGLX_mesa.so.0+0x3578c) (BuildId: eb4fad4513221f70ad95bc1e08eee29bfee99e3f)
    #7 0x7479166c8272  (/lib/x86_64-linux-gnu/libGLX_mesa.so.0+0x32272) (BuildId: eb4fad4513221f70ad95bc1e08eee29bfee99e3f)
    #8 0x74791881702c  (/lib/x86_64-linux-gnu/libsfml-window.so.2.6+0x2302c) (BuildId: c09232c3a63162e07bdc42b457f9092924abca08)
    #9 0x74791881733e  (/lib/x86_64-linux-gnu/libsfml-window.so.2.6+0x2333e) (BuildId: c09232c3a63162e07bdc42b457f9092924abca08)
    #10 0x747918819c35  (/lib/x86_64-linux-gnu/libsfml-window.so.2.6+0x25c35) (BuildId: c09232c3a63162e07bdc42b457f9092924abca08)
    #11 0x747918802216 in sf::GlResource::GlResource() (/lib/x86_64-linux-gnu/libsfml-window.so.2.6+0xe216) (BuildId: c09232c3a63162e07bdc42b457f9092924abca08)
    #12 0x747918806f8a in sf::Window::Window() (/lib/x86_64-linux-gnu/libsfml-window.so.2.6+0x12f8a) (BuildId: c09232c3a63162e07bdc42b457f9092924abca08)
    #13 0x74791884fda2 in sf::RenderWindow::RenderWindow() (/lib/x86_64-linux-gnu/libsfml-graphics.so.2.6+0x20da2) (BuildId: 005718ce5f34ab911bf24830c0107d70e470ae10)
    #14 0x5cca2af68f00 in DOCTEST_ANON_FUNC_22 /home/crem/chess_cpp/test.cpp:65
    #15 0x5cca2af564dd in doctest::Context::run() /home/crem/chess_cpp/doctest.h:7035
    #16 0x5cca2af5a05c in main /home/crem/chess_cpp/doctest.h:7113
    #17 0x74791702a1c9 in __libc_start_call_main ../sysdeps/nptl/libc_start_call_main.h:58
    #18 0x74791702a28a in __libc_start_main_impl ../csu/libc-start.c:360
    #19 0x5cca2aee1734 in _start (/home/crem/chess_cpp/build/Debug/chess.t+0x1c5734) (BuildId: 428daf2ba6c391d2a7e1dfb68cf2aecee5193306)

Direct leak of 448 byte(s) in 2 object(s) allocated from:
    #0 0x7479180fd340 in calloc ../../../../src/libsanitizer/asan/asan_malloc_linux.cpp:77
    #1 0x7479166c9c0e  (/lib/x86_64-linux-gnu/libGLX_mesa.so.0+0x33c0e) (BuildId: eb4fad4513221f70ad95bc1e08eee29bfee99e3f)
    #2 0x7479166caf1f  (/lib/x86_64-linux-gnu/libGLX_mesa.so.0+0x34f1f) (BuildId: eb4fad4513221f70ad95bc1e08eee29bfee99e3f)
    #3 0x7479166cb134  (/lib/x86_64-linux-gnu/libGLX_mesa.so.0+0x35134) (BuildId: eb4fad4513221f70ad95bc1e08eee29bfee99e3f)
    #4 0x7479166c5e98  (/lib/x86_64-linux-gnu/libGLX_mesa.so.0+0x2fe98) (BuildId: eb4fad4513221f70ad95bc1e08eee29bfee99e3f)
    #5 0x7479166ca718  (/lib/x86_64-linux-gnu/libGLX_mesa.so.0+0x34718) (BuildId: eb4fad4513221f70ad95bc1e08eee29bfee99e3f)
    #6 0x7479166cb78c  (/lib/x86_64-linux-gnu/libGLX_mesa.so.0+0x3578c) (BuildId: eb4fad4513221f70ad95bc1e08eee29bfee99e3f)
    #7 0x7479166c8272  (/lib/x86_64-linux-gnu/libGLX_mesa.so.0+0x32272) (BuildId: eb4fad4513221f70ad95bc1e08eee29bfee99e3f)
    #8 0x74791881702c  (/lib/x86_64-linux-gnu/libsfml-window.so.2.6+0x2302c) (BuildId: c09232c3a63162e07bdc42b457f9092924abca08)
    #9 0x74791881733e  (/lib/x86_64-linux-gnu/libsfml-window.so.2.6+0x2333e) (BuildId: c09232c3a63162e07bdc42b457f9092924abca08)
    #10 0x747918819c35  (/lib/x86_64-linux-gnu/libsfml-window.so.2.6+0x25c35) (BuildId: c09232c3a63162e07bdc42b457f9092924abca08)
    #11 0x747918802216 in sf::GlResource::GlResource() (/lib/x86_64-linux-gnu/libsfml-window.so.2.6+0xe216) (BuildId: c09232c3a63162e07bdc42b457f9092924abca08)
    #12 0x747918806f8a in sf::Window::Window() (/lib/x86_64-linux-gnu/libsfml-window.so.2.6+0x12f8a) (BuildId: c09232c3a63162e07bdc42b457f9092924abca08)
    #13 0x74791884fda2 in sf::RenderWindow::RenderWindow() (/lib/x86_64-linux-gnu/libsfml-graphics.so.2.6+0x20da2) (BuildId: 005718ce5f34ab911bf24830c0107d70e470ae10)
    #14 0x5cca2af8480e in DOCTEST_ANON_FUNC_45 /home/crem/chess_cpp/test.cpp:237
    #15 0x5cca2af564dd in doctest::Context::run() /home/crem/chess_cpp/doctest.h:7035
    #16 0x5cca2af5a05c in main /home/crem/chess_cpp/doctest.h:7113
    #17 0x74791702a1c9 in __libc_start_call_main ../sysdeps/nptl/libc_start_call_main.h:58
    #18 0x74791702a28a in __libc_start_main_impl ../csu/libc-start.c:360
    #19 0x5cca2aee1734 in _start (/home/crem/chess_cpp/build/Debug/chess.t+0x1c5734) (BuildId: 428daf2ba6c391d2a7e1dfb68cf2aecee5193306)

Direct leak of 448 byte(s) in 2 object(s) allocated from:
    #0 0x7479180fd340 in calloc ../../../../src/libsanitizer/asan/asan_malloc_linux.cpp:77
    #1 0x7479166c9c0e  (/lib/x86_64-linux-gnu/libGLX_mesa.so.0+0x33c0e) (BuildId: eb4fad4513221f70ad95bc1e08eee29bfee99e3f)
    #2 0x7479166caf1f  (/lib/x86_64-linux-gnu/libGLX_mesa.so.0+0x34f1f) (BuildId: eb4fad4513221f70ad95bc1e08eee29bfee99e3f)
    #3 0x7479166cb134  (/lib/x86_64-linux-gnu/libGLX_mesa.so.0+0x35134) (BuildId: eb4fad4513221f70ad95bc1e08eee29bfee99e3f)
    #4 0x7479166c5e98  (/lib/x86_64-linux-gnu/libGLX_mesa.so.0+0x2fe98) (BuildId: eb4fad4513221f70ad95bc1e08eee29bfee99e3f)
    #5 0x7479166ca718  (/lib/x86_64-linux-gnu/libGLX_mesa.so.0+0x34718) (BuildId: eb4fad4513221f70ad95bc1e08eee29bfee99e3f)
    #6 0x7479166cb78c  (/lib/x86_64-linux-gnu/libGLX_mesa.so.0+0x3578c) (BuildId: eb4fad4513221f70ad95bc1e08eee29bfee99e3f)
    #7 0x7479166c8272  (/lib/x86_64-linux-gnu/libGLX_mesa.so.0+0x32272) (BuildId: eb4fad4513221f70ad95bc1e08eee29bfee99e3f)
    #8 0x74791881702c  (/lib/x86_64-linux-gnu/libsfml-window.so.2.6+0x2302c) (BuildId: c09232c3a63162e07bdc42b457f9092924abca08)
    #9 0x74791881733e  (/lib/x86_64-linux-gnu/libsfml-window.so.2.6+0x2333e) (BuildId: c09232c3a63162e07bdc42b457f9092924abca08)
    #10 0x747918819c35  (/lib/x86_64-linux-gnu/libsfml-window.so.2.6+0x25c35) (BuildId: c09232c3a63162e07bdc42b457f9092924abca08)
    #11 0x747918802216 in sf::GlResource::GlResource() (/lib/x86_64-linux-gnu/libsfml-window.so.2.6+0xe216) (BuildId: c09232c3a63162e07bdc42b457f9092924abca08)
    #12 0x747918806f8a in sf::Window::Window() (/lib/x86_64-linux-gnu/libsfml-window.so.2.6+0x12f8a) (BuildId: c09232c3a63162e07bdc42b457f9092924abca08)
    #13 0x74791884fda2 in sf::RenderWindow::RenderWindow() (/lib/x86_64-linux-gnu/libsfml-graphics.so.2.6+0x20da2) (BuildId: 005718ce5f34ab911bf24830c0107d70e470ae10)
    #14 0x5cca2af68f00 in DOCTEST_ANON_FUNC_22 /home/crem/chess_cpp/test.cpp:65
    #15 0x5cca2af564dd in doctest::Context::run() /home/crem/chess_cpp/doctest.h:7035
    #16 0x5cca2af5a05c in main /home/crem/chess_cpp/doctest.h:7113
    #17 0x74791702a1c9 in __libc_start_call_main ../sysdeps/nptl/libc_start_call_main.h:58
    #18 0x74791702a28a in __libc_start_main_impl ../csu/libc-start.c:360
    #19 0x5cca2aee1734 in _start (/home/crem/chess_cpp/build/Debug/chess.t+0x1c5734) (BuildId: 428daf2ba6c391d2a7e1dfb68cf2aecee5193306)

Direct leak of 448 byte(s) in 2 object(s) allocated from:
    #0 0x7479180fd340 in calloc ../../../../src/libsanitizer/asan/asan_malloc_linux.cpp:77
    #1 0x7479166c9c0e  (/lib/x86_64-linux-gnu/libGLX_mesa.so.0+0x33c0e) (BuildId: eb4fad4513221f70ad95bc1e08eee29bfee99e3f)
    #2 0x7479166caf1f  (/lib/x86_64-linux-gnu/libGLX_mesa.so.0+0x34f1f) (BuildId: eb4fad4513221f70ad95bc1e08eee29bfee99e3f)
    #3 0x7479166cb134  (/lib/x86_64-linux-gnu/libGLX_mesa.so.0+0x35134) (BuildId: eb4fad4513221f70ad95bc1e08eee29bfee99e3f)
    #4 0x7479166c5e98  (/lib/x86_64-linux-gnu/libGLX_mesa.so.0+0x2fe98) (BuildId: eb4fad4513221f70ad95bc1e08eee29bfee99e3f)
    #5 0x7479166ca718  (/lib/x86_64-linux-gnu/libGLX_mesa.so.0+0x34718) (BuildId: eb4fad4513221f70ad95bc1e08eee29bfee99e3f)
    #6 0x7479166cb78c  (/lib/x86_64-linux-gnu/libGLX_mesa.so.0+0x3578c) (BuildId: eb4fad4513221f70ad95bc1e08eee29bfee99e3f)
    #7 0x7479166c8272  (/lib/x86_64-linux-gnu/libGLX_mesa.so.0+0x32272) (BuildId: eb4fad4513221f70ad95bc1e08eee29bfee99e3f)
    #8 0x74791881702c  (/lib/x86_64-linux-gnu/libsfml-window.so.2.6+0x2302c) (BuildId: c09232c3a63162e07bdc42b457f9092924abca08)
    #9 0x74791881733e  (/lib/x86_64-linux-gnu/libsfml-window.so.2.6+0x2333e) (BuildId: c09232c3a63162e07bdc42b457f9092924abca08)
    #10 0x747918819c35  (/lib/x86_64-linux-gnu/libsfml-window.so.2.6+0x25c35) (BuildId: c09232c3a63162e07bdc42b457f9092924abca08)
    #11 0x747918802216 in sf::GlResource::GlResource() (/lib/x86_64-linux-gnu/libsfml-window.so.2.6+0xe216) (BuildId: c09232c3a63162e07bdc42b457f9092924abca08)
    #12 0x747918806f8a in sf::Window::Window() (/lib/x86_64-linux-gnu/libsfml-window.so.2.6+0x12f8a) (BuildId: c09232c3a63162e07bdc42b457f9092924abca08)
    #13 0x74791884fda2 in sf::RenderWindow::RenderWindow() (/lib/x86_64-linux-gnu/libsfml-graphics.so.2.6+0x20da2) (BuildId: 005718ce5f34ab911bf24830c0107d70e470ae10)
    #14 0x5cca2af82468 in DOCTEST_ANON_FUNC_41 /home/crem/chess_cpp/test.cpp:215
    #15 0x5cca2af564dd in doctest::Context::run() /home/crem/chess_cpp/doctest.h:7035
    #16 0x5cca2af5a05c in main /home/crem/chess_cpp/doctest.h:7113
    #17 0x74791702a1c9 in __libc_start_call_main ../sysdeps/nptl/libc_start_call_main.h:58
    #18 0x74791702a28a in __libc_start_main_impl ../csu/libc-start.c:360
    #19 0x5cca2aee1734 in _start (/home/crem/chess_cpp/build/Debug/chess.t+0x1c5734) (BuildId: 428daf2ba6c391d2a7e1dfb68cf2aecee5193306)

Direct leak of 448 byte(s) in 2 object(s) allocated from:
    #0 0x7479180fd340 in calloc ../../../../src/libsanitizer/asan/asan_malloc_linux.cpp:77
    #1 0x7479166c9c0e  (/lib/x86_64-linux-gnu/libGLX_mesa.so.0+0x33c0e) (BuildId: eb4fad4513221f70ad95bc1e08eee29bfee99e3f)
    #2 0x7479166caf1f  (/lib/x86_64-linux-gnu/libGLX_mesa.so.0+0x34f1f) (BuildId: eb4fad4513221f70ad95bc1e08eee29bfee99e3f)
    #3 0x7479166cb1e6  (/lib/x86_64-linux-gnu/libGLX_mesa.so.0+0x351e6) (BuildId: eb4fad4513221f70ad95bc1e08eee29bfee99e3f)
    #4 0x7479166c5e98  (/lib/x86_64-linux-gnu/libGLX_mesa.so.0+0x2fe98) (BuildId: eb4fad4513221f70ad95bc1e08eee29bfee99e3f)
    #5 0x7479166ca718  (/lib/x86_64-linux-gnu/libGLX_mesa.so.0+0x34718) (BuildId: eb4fad4513221f70ad95bc1e08eee29bfee99e3f)
    #6 0x7479166cb78c  (/lib/x86_64-linux-gnu/libGLX_mesa.so.0+0x3578c) (BuildId: eb4fad4513221f70ad95bc1e08eee29bfee99e3f)
    #7 0x7479166c8272  (/lib/x86_64-linux-gnu/libGLX_mesa.so.0+0x32272) (BuildId: eb4fad4513221f70ad95bc1e08eee29bfee99e3f)
    #8 0x74791881702c  (/lib/x86_64-linux-gnu/libsfml-window.so.2.6+0x2302c) (BuildId: c09232c3a63162e07bdc42b457f9092924abca08)
    #9 0x74791881733e  (/lib/x86_64-linux-gnu/libsfml-window.so.2.6+0x2333e) (BuildId: c09232c3a63162e07bdc42b457f9092924abca08)
    #10 0x747918819c35  (/lib/x86_64-linux-gnu/libsfml-window.so.2.6+0x25c35) (BuildId: c09232c3a63162e07bdc42b457f9092924abca08)
    #11 0x747918802216 in sf::GlResource::GlResource() (/lib/x86_64-linux-gnu/libsfml-window.so.2.6+0xe216) (BuildId: c09232c3a63162e07bdc42b457f9092924abca08)
    #12 0x747918806f8a in sf::Window::Window() (/lib/x86_64-linux-gnu/libsfml-window.so.2.6+0x12f8a) (BuildId: c09232c3a63162e07bdc42b457f9092924abca08)
    #13 0x74791884fda2 in sf::RenderWindow::RenderWindow() (/lib/x86_64-linux-gnu/libsfml-graphics.so.2.6+0x20da2) (BuildId: 005718ce5f34ab911bf24830c0107d70e470ae10)
    #14 0x5cca2af82468 in DOCTEST_ANON_FUNC_41 /home/crem/chess_cpp/test.cpp:215
    #15 0x5cca2af564dd in doctest::Context::run() /home/crem/chess_cpp/doctest.h:7035
    #16 0x5cca2af5a05c in main /home/crem/chess_cpp/doctest.h:7113
    #17 0x74791702a1c9 in __libc_start_call_main ../sysdeps/nptl/libc_start_call_main.h:58
    #18 0x74791702a28a in __libc_start_main_impl ../csu/libc-start.c:360
    #19 0x5cca2aee1734 in _start (/home/crem/chess_cpp/build/Debug/chess.t+0x1c5734) (BuildId: 428daf2ba6c391d2a7e1dfb68cf2aecee5193306)

Direct leak of 224 byte(s) in 1 object(s) allocated from:
    #0 0x7479180fd340 in calloc ../../../../src/libsanitizer/asan/asan_malloc_linux.cpp:77
    #1 0x7479166c9c0e  (/lib/x86_64-linux-gnu/libGLX_mesa.so.0+0x33c0e) (BuildId: eb4fad4513221f70ad95bc1e08eee29bfee99e3f)
    #2 0x7479166caf1f  (/lib/x86_64-linux-gnu/libGLX_mesa.so.0+0x34f1f) (BuildId: eb4fad4513221f70ad95bc1e08eee29bfee99e3f)
    #3 0x7479166cb134  (/lib/x86_64-linux-gnu/libGLX_mesa.so.0+0x35134) (BuildId: eb4fad4513221f70ad95bc1e08eee29bfee99e3f)
    #4 0x7479166c5e98  (/lib/x86_64-linux-gnu/libGLX_mesa.so.0+0x2fe98) (BuildId: eb4fad4513221f70ad95bc1e08eee29bfee99e3f)
    #5 0x7479166ca718  (/lib/x86_64-linux-gnu/libGLX_mesa.so.0+0x34718) (BuildId: eb4fad4513221f70ad95bc1e08eee29bfee99e3f)
    #6 0x7479166cb78c  (/lib/x86_64-linux-gnu/libGLX_mesa.so.0+0x3578c) (BuildId: eb4fad4513221f70ad95bc1e08eee29bfee99e3f)
    #7 0x7479166c8272  (/lib/x86_64-linux-gnu/libGLX_mesa.so.0+0x32272) (BuildId: eb4fad4513221f70ad95bc1e08eee29bfee99e3f)
    #8 0x74791881702c  (/lib/x86_64-linux-gnu/libsfml-window.so.2.6+0x2302c) (BuildId: c09232c3a63162e07bdc42b457f9092924abca08)
    #9 0x74791881733e  (/lib/x86_64-linux-gnu/libsfml-window.so.2.6+0x2333e) (BuildId: c09232c3a63162e07bdc42b457f9092924abca08)
    #10 0x747918819c35  (/lib/x86_64-linux-gnu/libsfml-window.so.2.6+0x25c35) (BuildId: c09232c3a63162e07bdc42b457f9092924abca08)
    #11 0x747918802216 in sf::GlResource::GlResource() (/lib/x86_64-linux-gnu/libsfml-window.so.2.6+0xe216) (BuildId: c09232c3a63162e07bdc42b457f9092924abca08)
    #12 0x747918853e3b in sf::Texture::Texture() (/lib/x86_64-linux-gnu/libsfml-graphics.so.2.6+0x24e3b) (BuildId: 005718ce5f34ab911bf24830c0107d70e470ae10)
    #13 0x5cca2b01d08f in Piece::Piece(Name, Color) /home/crem/chess_cpp/Pieces.cpp:18
    #14 0x5cca2b022ee4 in Pawn::Pawn(Color) /home/crem/chess_cpp/Pieces.cpp:179
    #15 0x5cca2af63dda in DOCTEST_ANON_FUNC_14 /home/crem/chess_cpp/test.cpp:54
    #16 0x5cca2af564dd in doctest::Context::run() /home/crem/chess_cpp/doctest.h:7035
    #17 0x5cca2af5a05c in main /home/crem/chess_cpp/doctest.h:7113
    #18 0x74791702a1c9 in __libc_start_call_main ../sysdeps/nptl/libc_start_call_main.h:58
    #19 0x74791702a28a in __libc_start_main_impl ../csu/libc-start.c:360
    #20 0x5cca2aee1734 in _start (/home/crem/chess_cpp/build/Debug/chess.t+0x1c5734) (BuildId: 428daf2ba6c391d2a7e1dfb68cf2aecee5193306)

Direct leak of 224 byte(s) in 1 object(s) allocated from:
    #0 0x7479180fd340 in calloc ../../../../src/libsanitizer/asan/asan_malloc_linux.cpp:77
    #1 0x7479166c9c0e  (/lib/x86_64-linux-gnu/libGLX_mesa.so.0+0x33c0e) (BuildId: eb4fad4513221f70ad95bc1e08eee29bfee99e3f)
    #2 0x7479166caf1f  (/lib/x86_64-linux-gnu/libGLX_mesa.so.0+0x34f1f) (BuildId: eb4fad4513221f70ad95bc1e08eee29bfee99e3f)
    #3 0x7479166cb1e6  (/lib/x86_64-linux-gnu/libGLX_mesa.so.0+0x351e6) (BuildId: eb4fad4513221f70ad95bc1e08eee29bfee99e3f)
    #4 0x7479166c5e98  (/lib/x86_64-linux-gnu/libGLX_mesa.so.0+0x2fe98) (BuildId: eb4fad4513221f70ad95bc1e08eee29bfee99e3f)
    #5 0x7479166ca718  (/lib/x86_64-linux-gnu/libGLX_mesa.so.0+0x34718) (BuildId: eb4fad4513221f70ad95bc1e08eee29bfee99e3f)
    #6 0x7479166cb78c  (/lib/x86_64-linux-gnu/libGLX_mesa.so.0+0x3578c) (BuildId: eb4fad4513221f70ad95bc1e08eee29bfee99e3f)
    #7 0x7479166c8272  (/lib/x86_64-linux-gnu/libGLX_mesa.so.0+0x32272) (BuildId: eb4fad4513221f70ad95bc1e08eee29bfee99e3f)
    #8 0x74791881702c  (/lib/x86_64-linux-gnu/libsfml-window.so.2.6+0x2302c) (BuildId: c09232c3a63162e07bdc42b457f9092924abca08)
    #9 0x74791881733e  (/lib/x86_64-linux-gnu/libsfml-window.so.2.6+0x2333e) (BuildId: c09232c3a63162e07bdc42b457f9092924abca08)
    #10 0x747918819c35  (/lib/x86_64-linux-gnu/libsfml-window.so.2.6+0x25c35) (BuildId: c09232c3a63162e07bdc42b457f9092924abca08)
    #11 0x747918802216 in sf::GlResource::GlResource() (/lib/x86_64-linux-gnu/libsfml-window.so.2.6+0xe216) (BuildId: c09232c3a63162e07bdc42b457f9092924abca08)
    #12 0x747918853e3b in sf::Texture::Texture() (/lib/x86_64-linux-gnu/libsfml-graphics.so.2.6+0x24e3b) (BuildId: 005718ce5f34ab911bf24830c0107d70e470ae10)
    #13 0x5cca2b01d08f in Piece::Piece(Name, Color) /home/crem/chess_cpp/Pieces.cpp:18
    #14 0x5cca2b022ee4 in Pawn::Pawn(Color) /home/crem/chess_cpp/Pieces.cpp:179
    #15 0x5cca2af63dda in DOCTEST_ANON_FUNC_14 /home/crem/chess_cpp/test.cpp:54
    #16 0x5cca2af564dd in doctest::Context::run() /home/crem/chess_cpp/doctest.h:7035
    #17 0x5cca2af5a05c in main /home/crem/chess_cpp/doctest.h:7113
    #18 0x74791702a1c9 in __libc_start_call_main ../sysdeps/nptl/libc_start_call_main.h:58
    #19 0x74791702a28a in __libc_start_main_impl ../csu/libc-start.c:360
    #20 0x5cca2aee1734 in _start (/home/crem/chess_cpp/build/Debug/chess.t+0x1c5734) (BuildId: 428daf2ba6c391d2a7e1dfb68cf2aecee5193306)

Direct leak of 224 byte(s) in 1 object(s) allocated from:
    #0 0x7479180fd340 in calloc ../../../../src/libsanitizer/asan/asan_malloc_linux.cpp:77
    #1 0x7479166c9c0e  (/lib/x86_64-linux-gnu/libGLX_mesa.so.0+0x33c0e) (BuildId: eb4fad4513221f70ad95bc1e08eee29bfee99e3f)
    #2 0x7479166caf1f  (/lib/x86_64-linux-gnu/libGLX_mesa.so.0+0x34f1f) (BuildId: eb4fad4513221f70ad95bc1e08eee29bfee99e3f)
    #3 0x7479166cb1e6  (/lib/x86_64-linux-gnu/libGLX_mesa.so.0+0x351e6) (BuildId: eb4fad4513221f70ad95bc1e08eee29bfee99e3f)
    #4 0x7479166c5e98  (/lib/x86_64-linux-gnu/libGLX_mesa.so.0+0x2fe98) (BuildId: eb4fad4513221f70ad95bc1e08eee29bfee99e3f)
    #5 0x7479166ca718  (/lib/x86_64-linux-gnu/libGLX_mesa.so.0+0x34718) (BuildId: eb4fad4513221f70ad95bc1e08eee29bfee99e3f)
    #6 0x7479166cb78c  (/lib/x86_64-linux-gnu/libGLX_mesa.so.0+0x3578c) (BuildId: eb4fad4513221f70ad95bc1e08eee29bfee99e3f)
    #7 0x7479166c8272  (/lib/x86_64-linux-gnu/libGLX_mesa.so.0+0x32272) (BuildId: eb4fad4513221f70ad95bc1e08eee29bfee99e3f)
    #8 0x74791881702c  (/lib/x86_64-linux-gnu/libsfml-window.so.2.6+0x2302c) (BuildId: c09232c3a63162e07bdc42b457f9092924abca08)
    #9 0x74791881733e  (/lib/x86_64-linux-gnu/libsfml-window.so.2.6+0x2333e) (BuildId: c09232c3a63162e07bdc42b457f9092924abca08)
    #10 0x747918819c35  (/lib/x86_64-linux-gnu/libsfml-window.so.2.6+0x25c35) (BuildId: c09232c3a63162e07bdc42b457f9092924abca08)
    #11 0x747918802216 in sf::GlResource::GlResource() (/lib/x86_64-linux-gnu/libsfml-window.so.2.6+0xe216) (BuildId: c09232c3a63162e07bdc42b457f9092924abca08)
    #12 0x747918853e3b in sf::Texture::Texture() (/lib/x86_64-linux-gnu/libsfml-graphics.so.2.6+0x24e3b) (BuildId: 005718ce5f34ab911bf24830c0107d70e470ae10)
    #13 0x5cca2b01d08f in Piece::Piece(Name, Color) /home/crem/chess_cpp/Pieces.cpp:18
    #14 0x5cca2b0220d4 in Rook::Rook(Color) /home/crem/chess_cpp/Pieces.cpp:157
    #15 0x5cca2af5ea76 in DOCTEST_ANON_FUNC_14 /home/crem/chess_cpp/test.cpp:30
    #16 0x5cca2af564dd in doctest::Context::run() /home/crem/chess_cpp/doctest.h:7035
    #17 0x5cca2af5a05c in main /home/crem/chess_cpp/doctest.h:7113
    #18 0x74791702a1c9 in __libc_start_call_main ../sysdeps/nptl/libc_start_call_main.h:58
    #19 0x74791702a28a in __libc_start_main_impl ../csu/libc-start.c:360
    #20 0x5cca2aee1734 in _start (/home/crem/chess_cpp/build/Debug/chess.t+0x1c5734) (BuildId: 428daf2ba6c391d2a7e1dfb68cf2aecee5193306)

Direct leak of 224 byte(s) in 1 object(s) allocated from:
    #0 0x7479180fd340 in calloc ../../../../src/libsanitizer/asan/asan_malloc_linux.cpp:77
    #1 0x7479166c9c0e  (/lib/x86_64-linux-gnu/libGLX_mesa.so.0+0x33c0e) (BuildId: eb4fad4513221f70ad95bc1e08eee29bfee99e3f)
    #2 0x7479166caf1f  (/lib/x86_64-linux-gnu/libGLX_mesa.so.0+0x34f1f) (BuildId: eb4fad4513221f70ad95bc1e08eee29bfee99e3f)
    #3 0x7479166cb1e6  (/lib/x86_64-linux-gnu/libGLX_mesa.so.0+0x351e6) (BuildId: eb4fad4513221f70ad95bc1e08eee29bfee99e3f)
    #4 0x7479166c5e98  (/lib/x86_64-linux-gnu/libGLX_mesa.so.0+0x2fe98) (BuildId: eb4fad4513221f70ad95bc1e08eee29bfee99e3f)
    #5 0x7479166ca718  (/lib/x86_64-linux-gnu/libGLX_mesa.so.0+0x34718) (BuildId: eb4fad4513221f70ad95bc1e08eee29bfee99e3f)
    #6 0x7479166cb78c  (/lib/x86_64-linux-gnu/libGLX_mesa.so.0+0x3578c) (BuildId: eb4fad4513221f70ad95bc1e08eee29bfee99e3f)
    #7 0x7479166c8272  (/lib/x86_64-linux-gnu/libGLX_mesa.so.0+0x32272) (BuildId: eb4fad4513221f70ad95bc1e08eee29bfee99e3f)
    #8 0x74791881702c  (/lib/x86_64-linux-gnu/libsfml-window.so.2.6+0x2302c) (BuildId: c09232c3a63162e07bdc42b457f9092924abca08)
    #9 0x74791881733e  (/lib/x86_64-linux-gnu/libsfml-window.so.2.6+0x2333e) (BuildId: c09232c3a63162e07bdc42b457f9092924abca08)
    #10 0x747918819c35  (/lib/x86_64-linux-gnu/libsfml-window.so.2.6+0x25c35) (BuildId: c09232c3a63162e07bdc42b457f9092924abca08)
    #11 0x747918802216 in sf::GlResource::GlResource() (/lib/x86_64-linux-gnu/libsfml-window.so.2.6+0xe216) (BuildId: c09232c3a63162e07bdc42b457f9092924abca08)
    #12 0x747918806f8a in sf::Window::Window() (/lib/x86_64-linux-gnu/libsfml-window.so.2.6+0x12f8a) (BuildId: c09232c3a63162e07bdc42b457f9092924abca08)
    #13 0x74791884fda2 in sf::RenderWindow::RenderWindow() (/lib/x86_64-linux-gnu/libsfml-graphics.so.2.6+0x20da2) (BuildId: 005718ce5f34ab911bf24830c0107d70e470ae10)
    #14 0x5cca2af8e484 in DOCTEST_ANON_FUNC_54 /home/crem/chess_cpp/test.cpp:293
    #15 0x5cca2af564dd in doctest::Context::run() /home/crem/chess_cpp/doctest.h:7035
    #16 0x5cca2af5a05c in main /home/crem/chess_cpp/doctest.h:7113
    #17 0x74791702a1c9 in __libc_start_call_main ../sysdeps/nptl/libc_start_call_main.h:58
    #18 0x74791702a28a in __libc_start_main_impl ../csu/libc-start.c:360
    #19 0x5cca2aee1734 in _start (/home/crem/chess_cpp/build/Debug/chess.t+0x1c5734) (BuildId: 428daf2ba6c391d2a7e1dfb68cf2aecee5193306)

Direct leak of 224 byte(s) in 1 object(s) allocated from:
    #0 0x7479180fd340 in calloc ../../../../src/libsanitizer/asan/asan_malloc_linux.cpp:77
    #1 0x7479166c9c0e  (/lib/x86_64-linux-gnu/libGLX_mesa.so.0+0x33c0e) (BuildId: eb4fad4513221f70ad95bc1e08eee29bfee99e3f)
    #2 0x7479166caf1f  (/lib/x86_64-linux-gnu/libGLX_mesa.so.0+0x34f1f) (BuildId: eb4fad4513221f70ad95bc1e08eee29bfee99e3f)
    #3 0x7479166cb134  (/lib/x86_64-linux-gnu/libGLX_mesa.so.0+0x35134) (BuildId: eb4fad4513221f70ad95bc1e08eee29bfee99e3f)
    #4 0x7479166c5e98  (/lib/x86_64-linux-gnu/libGLX_mesa.so.0+0x2fe98) (BuildId: eb4fad4513221f70ad95bc1e08eee29bfee99e3f)
    #5 0x7479166ca718  (/lib/x86_64-linux-gnu/libGLX_mesa.so.0+0x34718) (BuildId: eb4fad4513221f70ad95bc1e08eee29bfee99e3f)
    #6 0x7479166cb78c  (/lib/x86_64-linux-gnu/libGLX_mesa.so.0+0x3578c) (BuildId: eb4fad4513221f70ad95bc1e08eee29bfee99e3f)
    #7 0x7479166c8272  (/lib/x86_64-linux-gnu/libGLX_mesa.so.0+0x32272) (BuildId: eb4fad4513221f70ad95bc1e08eee29bfee99e3f)
    #8 0x74791881702c  (/lib/x86_64-linux-gnu/libsfml-window.so.2.6+0x2302c) (BuildId: c09232c3a63162e07bdc42b457f9092924abca08)
    #9 0x74791881733e  (/lib/x86_64-linux-gnu/libsfml-window.so.2.6+0x2333e) (BuildId: c09232c3a63162e07bdc42b457f9092924abca08)
    #10 0x747918819c35  (/lib/x86_64-linux-gnu/libsfml-window.so.2.6+0x25c35) (BuildId: c09232c3a63162e07bdc42b457f9092924abca08)
    #11 0x747918802216 in sf::GlResource::GlResource() (/lib/x86_64-linux-gnu/libsfml-window.so.2.6+0xe216) (BuildId: c09232c3a63162e07bdc42b457f9092924abca08)
    #12 0x747918853e3b in sf::Texture::Texture() (/lib/x86_64-linux-gnu/libsfml-graphics.so.2.6+0x24e3b) (BuildId: 005718ce5f34ab911bf24830c0107d70e470ae10)
    #13 0x5cca2b01d08f in Piece::Piece(Name, Color) /home/crem/chess_cpp/Pieces.cpp:18
    #14 0x5cca2b0220d4 in Rook::Rook(Color) /home/crem/chess_cpp/Pieces.cpp:157
    #15 0x5cca2af5ea76 in DOCTEST_ANON_FUNC_14 /home/crem/chess_cpp/test.cpp:30
    #16 0x5cca2af564dd in doctest::Context::run() /home/crem/chess_cpp/doctest.h:7035
    #17 0x5cca2af5a05c in main /home/crem/chess_cpp/doctest.h:7113
    #18 0x74791702a1c9 in __libc_start_call_main ../sysdeps/nptl/libc_start_call_main.h:58
    #19 0x74791702a28a in __libc_start_main_impl ../csu/libc-start.c:360
    #20 0x5cca2aee1734 in _start (/home/crem/chess_cpp/build/Debug/chess.t+0x1c5734) (BuildId: 428daf2ba6c391d2a7e1dfb68cf2aecee5193306)

Direct leak of 224 byte(s) in 1 object(s) allocated from:
    #0 0x7479180fd340 in calloc ../../../../src/libsanitizer/asan/asan_malloc_linux.cpp:77
    #1 0x7479166c9c0e  (/lib/x86_64-linux-gnu/libGLX_mesa.so.0+0x33c0e) (BuildId: eb4fad4513221f70ad95bc1e08eee29bfee99e3f)
    #2 0x7479166caf1f  (/lib/x86_64-linux-gnu/libGLX_mesa.so.0+0x34f1f) (BuildId: eb4fad4513221f70ad95bc1e08eee29bfee99e3f)
    #3 0x7479166cb134  (/lib/x86_64-linux-gnu/libGLX_mesa.so.0+0x35134) (BuildId: eb4fad4513221f70ad95bc1e08eee29bfee99e3f)
    #4 0x7479166c5e98  (/lib/x86_64-linux-gnu/libGLX_mesa.so.0+0x2fe98) (BuildId: eb4fad4513221f70ad95bc1e08eee29bfee99e3f)
    #5 0x7479166ca718  (/lib/x86_64-linux-gnu/libGLX_mesa.so.0+0x34718) (BuildId: eb4fad4513221f70ad95bc1e08eee29bfee99e3f)
    #6 0x7479166cb78c  (/lib/x86_64-linux-gnu/libGLX_mesa.so.0+0x3578c) (BuildId: eb4fad4513221f70ad95bc1e08eee29bfee99e3f)
    #7 0x7479166c8272  (/lib/x86_64-linux-gnu/libGLX_mesa.so.0+0x32272) (BuildId: eb4fad4513221f70ad95bc1e08eee29bfee99e3f)
    #8 0x74791881702c  (/lib/x86_64-linux-gnu/libsfml-window.so.2.6+0x2302c) (BuildId: c09232c3a63162e07bdc42b457f9092924abca08)
    #9 0x74791881733e  (/lib/x86_64-linux-gnu/libsfml-window.so.2.6+0x2333e) (BuildId: c09232c3a63162e07bdc42b457f9092924abca08)
    #10 0x747918819c35  (/lib/x86_64-linux-gnu/libsfml-window.so.2.6+0x25c35) (BuildId: c09232c3a63162e07bdc42b457f9092924abca08)
    #11 0x747918802216 in sf::GlResource::GlResource() (/lib/x86_64-linux-gnu/libsfml-window.so.2.6+0xe216) (BuildId: c09232c3a63162e07bdc42b457f9092924abca08)
    #12 0x747918806f8a in sf::Window::Window() (/lib/x86_64-linux-gnu/libsfml-window.so.2.6+0x12f8a) (BuildId: c09232c3a63162e07bdc42b457f9092924abca08)
    #13 0x74791884fda2 in sf::RenderWindow::RenderWindow() (/lib/x86_64-linux-gnu/libsfml-graphics.so.2.6+0x20da2) (BuildId: 005718ce5f34ab911bf24830c0107d70e470ae10)
    #14 0x5cca2af8e484 in DOCTEST_ANON_FUNC_54 /home/crem/chess_cpp/test.cpp:293
    #15 0x5cca2af564dd in doctest::Context::run() /home/crem/chess_cpp/doctest.h:7035
    #16 0x5cca2af5a05c in main /home/crem/chess_cpp/doctest.h:7113
    #17 0x74791702a1c9 in __libc_start_call_main ../sysdeps/nptl/libc_start_call_main.h:58
    #18 0x74791702a28a in __libc_start_main_impl ../csu/libc-start.c:360
    #19 0x5cca2aee1734 in _start (/home/crem/chess_cpp/build/Debug/chess.t+0x1c5734) (BuildId: 428daf2ba6c391d2a7e1dfb68cf2aecee5193306)

Direct leak of 224 byte(s) in 1 object(s) allocated from:
    #0 0x7479180fd340 in calloc ../../../../src/libsanitizer/asan/asan_malloc_linux.cpp:77
    #1 0x7479166c9c0e  (/lib/x86_64-linux-gnu/libGLX_mesa.so.0+0x33c0e) (BuildId: eb4fad4513221f70ad95bc1e08eee29bfee99e3f)
    #2 0x7479166caf1f  (/lib/x86_64-linux-gnu/libGLX_mesa.so.0+0x34f1f) (BuildId: eb4fad4513221f70ad95bc1e08eee29bfee99e3f)
    #3 0x7479166cb134  (/lib/x86_64-linux-gnu/libGLX_mesa.so.0+0x35134) (BuildId: eb4fad4513221f70ad95bc1e08eee29bfee99e3f)
    #4 0x7479166c5e98  (/lib/x86_64-linux-gnu/libGLX_mesa.so.0+0x2fe98) (BuildId: eb4fad4513221f70ad95bc1e08eee29bfee99e3f)
    #5 0x7479166ca718  (/lib/x86_64-linux-gnu/libGLX_mesa.so.0+0x34718) (BuildId: eb4fad4513221f70ad95bc1e08eee29bfee99e3f)
    #6 0x7479166cb78c  (/lib/x86_64-linux-gnu/libGLX_mesa.so.0+0x3578c) (BuildId: eb4fad4513221f70ad95bc1e08eee29bfee99e3f)
    #7 0x7479166c8272  (/lib/x86_64-linux-gnu/libGLX_mesa.so.0+0x32272) (BuildId: eb4fad4513221f70ad95bc1e08eee29bfee99e3f)
    #8 0x74791881702c  (/lib/x86_64-linux-gnu/libsfml-window.so.2.6+0x2302c) (BuildId: c09232c3a63162e07bdc42b457f9092924abca08)
    #9 0x74791881733e  (/lib/x86_64-linux-gnu/libsfml-window.so.2.6+0x2333e) (BuildId: c09232c3a63162e07bdc42b457f9092924abca08)
    #10 0x747918819c35  (/lib/x86_64-linux-gnu/libsfml-window.so.2.6+0x25c35) (BuildId: c09232c3a63162e07bdc42b457f9092924abca08)
    #11 0x747918802216 in sf::GlResource::GlResource() (/lib/x86_64-linux-gnu/libsfml-window.so.2.6+0xe216) (BuildId: c09232c3a63162e07bdc42b457f9092924abca08)
    #12 0x747918853e3b in sf::Texture::Texture() (/lib/x86_64-linux-gnu/libsfml-graphics.so.2.6+0x24e3b) (BuildId: 005718ce5f34ab911bf24830c0107d70e470ae10)
    #13 0x5cca2b01d08f in Piece::Piece(Name, Color) /home/crem/chess_cpp/Pieces.cpp:18
    #14 0x5cca2b021230 in Bishop::Bishop(Color) /home/crem/chess_cpp/Pieces.cpp:132
    #15 0x5cca2af6220e in DOCTEST_ANON_FUNC_14 /home/crem/chess_cpp/test.cpp:46
    #16 0x5cca2af564dd in doctest::Context::run() /home/crem/chess_cpp/doctest.h:7035
    #17 0x5cca2af5a05c in main /home/crem/chess_cpp/doctest.h:7113
    #18 0x74791702a1c9 in __libc_start_call_main ../sysdeps/nptl/libc_start_call_main.h:58
    #19 0x74791702a28a in __libc_start_main_impl ../csu/libc-start.c:360
    #20 0x5cca2aee1734 in _start (/home/crem/chess_cpp/build/Debug/chess.t+0x1c5734) (BuildId: 428daf2ba6c391d2a7e1dfb68cf2aecee5193306)

Direct leak of 224 byte(s) in 1 object(s) allocated from:
    #0 0x7479180fd340 in calloc ../../../../src/libsanitizer/asan/asan_malloc_linux.cpp:77
    #1 0x7479166c9c0e  (/lib/x86_64-linux-gnu/libGLX_mesa.so.0+0x33c0e) (BuildId: eb4fad4513221f70ad95bc1e08eee29bfee99e3f)
    #2 0x7479166caf1f  (/lib/x86_64-linux-gnu/libGLX_mesa.so.0+0x34f1f) (BuildId: eb4fad4513221f70ad95bc1e08eee29bfee99e3f)
    #3 0x7479166cb1e6  (/lib/x86_64-linux-gnu/libGLX_mesa.so.0+0x351e6) (BuildId: eb4fad4513221f70ad95bc1e08eee29bfee99e3f)
    #4 0x7479166c5e98  (/lib/x86_64-linux-gnu/libGLX_mesa.so.0+0x2fe98) (BuildId: eb4fad4513221f70ad95bc1e08eee29bfee99e3f)
    #5 0x7479166ca718  (/lib/x86_64-linux-gnu/libGLX_mesa.so.0+0x34718) (BuildId: eb4fad4513221f70ad95bc1e08eee29bfee99e3f)
    #6 0x7479166cb78c  (/lib/x86_64-linux-gnu/libGLX_mesa.so.0+0x3578c) (BuildId: eb4fad4513221f70ad95bc1e08eee29bfee99e3f)
    #7 0x7479166c8272  (/lib/x86_64-linux-gnu/libGLX_mesa.so.0+0x32272) (BuildId: eb4fad4513221f70ad95bc1e08eee29bfee99e3f)
    #8 0x74791881702c  (/lib/x86_64-linux-gnu/libsfml-window.so.2.6+0x2302c) (BuildId: c09232c3a63162e07bdc42b457f9092924abca08)
    #9 0x74791881733e  (/lib/x86_64-linux-gnu/libsfml-window.so.2.6+0x2333e) (BuildId: c09232c3a63162e07bdc42b457f9092924abca08)
    #10 0x747918819c35  (/lib/x86_64-linux-gnu/libsfml-window.so.2.6+0x25c35) (BuildId: c09232c3a63162e07bdc42b457f9092924abca08)
    #11 0x747918802216 in sf::GlResource::GlResource() (/lib/x86_64-linux-gnu/libsfml-window.so.2.6+0xe216) (BuildId: c09232c3a63162e07bdc42b457f9092924abca08)
    #12 0x747918806f8a in sf::Window::Window() (/lib/x86_64-linux-gnu/libsfml-window.so.2.6+0x12f8a) (BuildId: c09232c3a63162e07bdc42b457f9092924abca08)
    #13 0x74791884fda2 in sf::RenderWindow::RenderWindow() (/lib/x86_64-linux-gnu/libsfml-graphics.so.2.6+0x20da2) (BuildId: 005718ce5f34ab911bf24830c0107d70e470ae10)
    #14 0x5cca2af6ea5a in DOCTEST_ANON_FUNC_26 /home/crem/chess_cpp/test.cpp:100
    #15 0x5cca2af564dd in doctest::Context::run() /home/crem/chess_cpp/doctest.h:7035
    #16 0x5cca2af5a05c in main /home/crem/chess_cpp/doctest.h:7113
    #17 0x74791702a1c9 in __libc_start_call_main ../sysdeps/nptl/libc_start_call_main.h:58
    #18 0x74791702a28a in __libc_start_main_impl ../csu/libc-start.c:360
    #19 0x5cca2aee1734 in _start (/home/crem/chess_cpp/build/Debug/chess.t+0x1c5734) (BuildId: 428daf2ba6c391d2a7e1dfb68cf2aecee5193306)

Direct leak of 224 byte(s) in 1 object(s) allocated from:
    #0 0x7479180fd340 in calloc ../../../../src/libsanitizer/asan/asan_malloc_linux.cpp:77
    #1 0x7479166c9c0e  (/lib/x86_64-linux-gnu/libGLX_mesa.so.0+0x33c0e) (BuildId: eb4fad4513221f70ad95bc1e08eee29bfee99e3f)
    #2 0x7479166caf1f  (/lib/x86_64-linux-gnu/libGLX_mesa.so.0+0x34f1f) (BuildId: eb4fad4513221f70ad95bc1e08eee29bfee99e3f)
    #3 0x7479166cb1e6  (/lib/x86_64-linux-gnu/libGLX_mesa.so.0+0x351e6) (BuildId: eb4fad4513221f70ad95bc1e08eee29bfee99e3f)
    #4 0x7479166c5e98  (/lib/x86_64-linux-gnu/libGLX_mesa.so.0+0x2fe98) (BuildId: eb4fad4513221f70ad95bc1e08eee29bfee99e3f)
    #5 0x7479166ca718  (/lib/x86_64-linux-gnu/libGLX_mesa.so.0+0x34718) (BuildId: eb4fad4513221f70ad95bc1e08eee29bfee99e3f)
    #6 0x7479166cb78c  (/lib/x86_64-linux-gnu/libGLX_mesa.so.0+0x3578c) (BuildId: eb4fad4513221f70ad95bc1e08eee29bfee99e3f)
    #7 0x7479166c7e14  (/lib/x86_64-linux-gnu/libGLX_mesa.so.0+0x31e14) (BuildId: eb4fad4513221f70ad95bc1e08eee29bfee99e3f)
    #8 0x747918814f0d  (/lib/x86_64-linux-gnu/libsfml-window.so.2.6+0x20f0d) (BuildId: c09232c3a63162e07bdc42b457f9092924abca08)
    #9 0x7479188152c2  (/lib/x86_64-linux-gnu/libsfml-window.so.2.6+0x212c2) (BuildId: c09232c3a63162e07bdc42b457f9092924abca08)
    #10 0x747918816d12  (/lib/x86_64-linux-gnu/libsfml-window.so.2.6+0x22d12) (BuildId: c09232c3a63162e07bdc42b457f9092924abca08)
    #11 0x747918819c57  (/lib/x86_64-linux-gnu/libsfml-window.so.2.6+0x25c57) (BuildId: c09232c3a63162e07bdc42b457f9092924abca08)
    #12 0x747918802216 in sf::GlResource::GlResource() (/lib/x86_64-linux-gnu/libsfml-window.so.2.6+0xe216) (BuildId: c09232c3a63162e07bdc42b457f9092924abca08)
    #13 0x747918853e3b in sf::Texture::Texture() (/lib/x86_64-linux-gnu/libsfml-graphics.so.2.6+0x24e3b) (BuildId: 005718ce5f34ab911bf24830c0107d70e470ae10)
    #14 0x5cca2b01d08f in Piece::Piece(Name, Color) /home/crem/chess_cpp/Pieces.cpp:18
    #15 0x5cca2b01e4f0 in King::King(Color) /home/crem/chess_cpp/Pieces.cpp:50
    #16 0x5cca2af5b2de in DOCTEST_ANON_FUNC_14 /home/crem/chess_cpp/test.cpp:14
    #17 0x5cca2af564dd in doctest::Context::run() /home/crem/chess_cpp/doctest.h:7035
    #18 0x5cca2af5a05c in main /home/crem/chess_cpp/doctest.h:7113
    #19 0x74791702a1c9 in __libc_start_call_main ../sysdeps/nptl/libc_start_call_main.h:58
    #20 0x74791702a28a in __libc_start_main_impl ../csu/libc-start.c:360
    #21 0x5cca2aee1734 in _start (/home/crem/chess_cpp/build/Debug/chess.t+0x1c5734) (BuildId: 428daf2ba6c391d2a7e1dfb68cf2aecee5193306)

Direct leak of 224 byte(s) in 1 object(s) allocated from:
    #0 0x7479180fd340 in calloc ../../../../src/libsanitizer/asan/asan_malloc_linux.cpp:77
    #1 0x7479166c9c0e  (/lib/x86_64-linux-gnu/libGLX_mesa.so.0+0x33c0e) (BuildId: eb4fad4513221f70ad95bc1e08eee29bfee99e3f)
    #2 0x7479166caf1f  (/lib/x86_64-linux-gnu/libGLX_mesa.so.0+0x34f1f) (BuildId: eb4fad4513221f70ad95bc1e08eee29bfee99e3f)
    #3 0x7479166cb1e6  (/lib/x86_64-linux-gnu/libGLX_mesa.so.0+0x351e6) (BuildId: eb4fad4513221f70ad95bc1e08eee29bfee99e3f)
    #4 0x7479166c5e98  (/lib/x86_64-linux-gnu/libGLX_mesa.so.0+0x2fe98) (BuildId: eb4fad4513221f70ad95bc1e08eee29bfee99e3f)
    #5 0x7479166ca718  (/lib/x86_64-linux-gnu/libGLX_mesa.so.0+0x34718) (BuildId: eb4fad4513221f70ad95bc1e08eee29bfee99e3f)
    #6 0x7479166cb78c  (/lib/x86_64-linux-gnu/libGLX_mesa.so.0+0x3578c) (BuildId: eb4fad4513221f70ad95bc1e08eee29bfee99e3f)
    #7 0x7479166c8272  (/lib/x86_64-linux-gnu/libGLX_mesa.so.0+0x32272) (BuildId: eb4fad4513221f70ad95bc1e08eee29bfee99e3f)
    #8 0x74791881702c  (/lib/x86_64-linux-gnu/libsfml-window.so.2.6+0x2302c) (BuildId: c09232c3a63162e07bdc42b457f9092924abca08)
    #9 0x74791881733e  (/lib/x86_64-linux-gnu/libsfml-window.so.2.6+0x2333e) (BuildId: c09232c3a63162e07bdc42b457f9092924abca08)
    #10 0x747918819c35  (/lib/x86_64-linux-gnu/libsfml-window.so.2.6+0x25c35) (BuildId: c09232c3a63162e07bdc42b457f9092924abca08)
    #11 0x747918802216 in sf::GlResource::GlResource() (/lib/x86_64-linux-gnu/libsfml-window.so.2.6+0xe216) (BuildId: c09232c3a63162e07bdc42b457f9092924abca08)
    #12 0x747918853e3b in sf::Texture::Texture() (/lib/x86_64-linux-gnu/libsfml-graphics.so.2.6+0x24e3b) (BuildId: 005718ce5f34ab911bf24830c0107d70e470ae10)
    #13 0x5cca2b01d08f in Piece::Piece(Name, Color) /home/crem/chess_cpp/Pieces.cpp:18
    #14 0x5cca2b02035e in Knight::Knight(Color) /home/crem/chess_cpp/Pieces.cpp:107
    #15 0x5cca2af5ceaa in DOCTEST_ANON_FUNC_14 /home/crem/chess_cpp/test.cpp:22
    #16 0x5cca2af564dd in doctest::Context::run() /home/crem/chess_cpp/doctest.h:7035
    #17 0x5cca2af5a05c in main /home/crem/chess_cpp/doctest.h:7113
    #18 0x74791702a1c9 in __libc_start_call_main ../sysdeps/nptl/libc_start_call_main.h:58
    #19 0x74791702a28a in __libc_start_main_impl ../csu/libc-start.c:360
    #20 0x5cca2aee1734 in _start (/home/crem/chess_cpp/build/Debug/chess.t+0x1c5734) (BuildId: 428daf2ba6c391d2a7e1dfb68cf2aecee5193306)

Direct leak of 224 byte(s) in 1 object(s) allocated from:
    #0 0x7479180fd340 in calloc ../../../../src/libsanitizer/asan/asan_malloc_linux.cpp:77
    #1 0x7479166c9c0e  (/lib/x86_64-linux-gnu/libGLX_mesa.so.0+0x33c0e) (BuildId: eb4fad4513221f70ad95bc1e08eee29bfee99e3f)
[...]
    #20 0x74791702a28a in __libc_start_main_impl ../csu/libc-start.c:360
    #21 0x5cca2aee1734 in _start (/home/crem/chess_cpp/build/Debug/chess.t+0x1c5734) (BuildId: 428daf2ba6c391d2a7e1dfb68cf2aecee5193306)

Indirect leak of 101920 byte(s) in 455 object(s) allocated from:
    #0 0x7479180fd340 in calloc ../../../../src/libsanitizer/asan/asan_malloc_linux.cpp:77
    #1 0x7479166c9c0e  (/lib/x86_64-linux-gnu/libGLX_mesa.so.0+0x33c0e) (BuildId: eb4fad4513221f70ad95bc1e08eee29bfee99e3f)
    #2 0x7479166caf1f  (/lib/x86_64-linux-gnu/libGLX_mesa.so.0+0x34f1f) (BuildId: eb4fad4513221f70ad95bc1e08eee29bfee99e3f)
    #3 0x7479166cb134  (/lib/x86_64-linux-gnu/libGLX_mesa.so.0+0x35134) (BuildId: eb4fad4513221f70ad95bc1e08eee29bfee99e3f)
    #4 0x7479166c5e98  (/lib/x86_64-linux-gnu/libGLX_mesa.so.0+0x2fe98) (BuildId: eb4fad4513221f70ad95bc1e08eee29bfee99e3f)
    #5 0x7479166ca718  (/lib/x86_64-linux-gnu/libGLX_mesa.so.0+0x34718) (BuildId: eb4fad4513221f70ad95bc1e08eee29bfee99e3f)
    #6 0x7479166cb78c  (/lib/x86_64-linux-gnu/libGLX_mesa.so.0+0x3578c) (BuildId: eb4fad4513221f70ad95bc1e08eee29bfee99e3f)
    #7 0x7479166c8272  (/lib/x86_64-linux-gnu/libGLX_mesa.so.0+0x32272) (BuildId: eb4fad4513221f70ad95bc1e08eee29bfee99e3f)
    #8 0x74791881702c  (/lib/x86_64-linux-gnu/libsfml-window.so.2.6+0x2302c) (BuildId: c09232c3a63162e07bdc42b457f9092924abca08)
    #9 0x74791881733e  (/lib/x86_64-linux-gnu/libsfml-window.so.2.6+0x2333e) (BuildId: c09232c3a63162e07bdc42b457f9092924abca08)
    #10 0x747918819c35  (/lib/x86_64-linux-gnu/libsfml-window.so.2.6+0x25c35) (BuildId: c09232c3a63162e07bdc42b457f9092924abca08)
    #11 0x747918802216 in sf::GlResource::GlResource() (/lib/x86_64-linux-gnu/libsfml-window.so.2.6+0xe216) (BuildId: c09232c3a63162e07bdc42b457f9092924abca08)
    #12 0x747918806f8a in sf::Window::Window() (/lib/x86_64-linux-gnu/libsfml-window.so.2.6+0x12f8a) (BuildId: c09232c3a63162e07bdc42b457f9092924abca08)
    #13 0x74791884fda2 in sf::RenderWindow::RenderWindow() (/lib/x86_64-linux-gnu/libsfml-graphics.so.2.6+0x20da2) (BuildId: 005718ce5f34ab911bf24830c0107d70e470ae10)
    #14 0x5cca2af8e484 in DOCTEST_ANON_FUNC_54 /home/crem/chess_cpp/test.cpp:293
    #15 0x5cca2af564dd in doctest::Context::run() /home/crem/chess_cpp/doctest.h:7035
    #16 0x5cca2af5a05c in main /home/crem/chess_cpp/doctest.h:7113
    #17 0x74791702a1c9 in __libc_start_call_main ../sysdeps/nptl/libc_start_call_main.h:58
    #18 0x74791702a28a in __libc_start_main_impl ../csu/libc-start.c:360
    #19 0x5cca2aee1734 in _start (/home/crem/chess_cpp/build/Debug/chess.t+0x1c5734) (BuildId: 428daf2ba6c391d2a7e1dfb68cf2aecee5193306)

Indirect leak of 101920 byte(s) in 455 object(s) allocated from:
    #0 0x7479180fd340 in calloc ../../../../src/libsanitizer/asan/asan_malloc_linux.cpp:77
    #1 0x7479166c9c0e  (/lib/x86_64-linux-gnu/libGLX_mesa.so.0+0x33c0e) (BuildId: eb4fad4513221f70ad95bc1e08eee29bfee99e3f)
    #2 0x7479166caf1f  (/lib/x86_64-linux-gnu/libGLX_mesa.so.0+0x34f1f) (BuildId: eb4fad4513221f70ad95bc1e08eee29bfee99e3f)
    #3 0x7479166cb134  (/lib/x86_64-linux-gnu/libGLX_mesa.so.0+0x35134) (BuildId: eb4fad4513221f70ad95bc1e08eee29bfee99e3f)
    #4 0x7479166c5e98  (/lib/x86_64-linux-gnu/libGLX_mesa.so.0+0x2fe98) (BuildId: eb4fad4513221f70ad95bc1e08eee29bfee99e3f)
    #5 0x7479166ca718  (/lib/x86_64-linux-gnu/libGLX_mesa.so.0+0x34718) (BuildId: eb4fad4513221f70ad95bc1e08eee29bfee99e3f)
    #6 0x7479166cb78c  (/lib/x86_64-linux-gnu/libGLX_mesa.so.0+0x3578c) (BuildId: eb4fad4513221f70ad95bc1e08eee29bfee99e3f)
    #7 0x7479166c8272  (/lib/x86_64-linux-gnu/libGLX_mesa.so.0+0x32272) (BuildId: eb4fad4513221f70ad95bc1e08eee29bfee99e3f)
    #8 0x74791881702c  (/lib/x86_64-linux-gnu/libsfml-window.so.2.6+0x2302c) (BuildId: c09232c3a63162e07bdc42b457f9092924abca08)
    #9 0x74791881733e  (/lib/x86_64-linux-gnu/libsfml-window.so.2.6+0x2333e) (BuildId: c09232c3a63162e07bdc42b457f9092924abca08)
    #10 0x747918819c35  (/lib/x86_64-linux-gnu/libsfml-window.so.2.6+0x25c35) (BuildId: c09232c3a63162e07bdc42b457f9092924abca08)
    #11 0x747918802216 in sf::GlResource::GlResource() (/lib/x86_64-linux-gnu/libsfml-window.so.2.6+0xe216) (BuildId: c09232c3a63162e07bdc42b457f9092924abca08)
    #12 0x747918853e3b in sf::Texture::Texture() (/lib/x86_64-linux-gnu/libsfml-graphics.so.2.6+0x24e3b) (BuildId: 005718ce5f34ab911bf24830c0107d70e470ae10)
    #13 0x5cca2b01d08f in Piece::Piece(Name, Color) /home/crem/chess_cpp/Pieces.cpp:18
    #14 0x5cca2b021230 in Bishop::Bishop(Color) /home/crem/chess_cpp/Pieces.cpp:132
    #15 0x5cca2af6220e in DOCTEST_ANON_FUNC_14 /home/crem/chess_cpp/test.cpp:46
    #16 0x5cca2af564dd in doctest::Context::run() /home/crem/chess_cpp/doctest.h:7035
    #17 0x5cca2af5a05c in main /home/crem/chess_cpp/doctest.h:7113
    #18 0x74791702a1c9 in __libc_start_call_main ../sysdeps/nptl/libc_start_call_main.h:58
    #19 0x74791702a28a in __libc_start_main_impl ../csu/libc-start.c:360
    #20 0x5cca2aee1734 in _start (/home/crem/chess_cpp/build/Debug/chess.t+0x1c5734) (BuildId: 428daf2ba6c391d2a7e1dfb68cf2aecee5193306)

Indirect leak of 101920 byte(s) in 455 object(s) allocated from:
    #0 0x7479180fd340 in calloc ../../../../src/libsanitizer/asan/asan_malloc_linux.cpp:77
    #1 0x7479166c9c0e  (/lib/x86_64-linux-gnu/libGLX_mesa.so.0+0x33c0e) (BuildId: eb4fad4513221f70ad95bc1e08eee29bfee99e3f)
    #2 0x7479166caf1f  (/lib/x86_64-linux-gnu/libGLX_mesa.so.0+0x34f1f) (BuildId: eb4fad4513221f70ad95bc1e08eee29bfee99e3f)
    #3 0x7479166cb134  (/lib/x86_64-linux-gnu/libGLX_mesa.so.0+0x35134) (BuildId: eb4fad4513221f70ad95bc1e08eee29bfee99e3f)
    #4 0x7479166c5e98  (/lib/x86_64-linux-gnu/libGLX_mesa.so.0+0x2fe98) (BuildId: eb4fad4513221f70ad95bc1e08eee29bfee99e3f)
    #5 0x7479166ca718  (/lib/x86_64-linux-gnu/libGLX_mesa.so.0+0x34718) (BuildId: eb4fad4513221f70ad95bc1e08eee29bfee99e3f)
    #6 0x7479166cb78c  (/lib/x86_64-linux-gnu/libGLX_mesa.so.0+0x3578c) (BuildId: eb4fad4513221f70ad95bc1e08eee29bfee99e3f)
    #7 0x7479166c8272  (/lib/x86_64-linux-gnu/libGLX_mesa.so.0+0x32272) (BuildId: eb4fad4513221f70ad95bc1e08eee29bfee99e3f)
    #8 0x74791881702c  (/lib/x86_64-linux-gnu/libsfml-window.so.2.6+0x2302c) (BuildId: c09232c3a63162e07bdc42b457f9092924abca08)
    #9 0x74791881733e  (/lib/x86_64-linux-gnu/libsfml-window.so.2.6+0x2333e) (BuildId: c09232c3a63162e07bdc42b457f9092924abca08)
    #10 0x747918819c35  (/lib/x86_64-linux-gnu/libsfml-window.so.2.6+0x25c35) (BuildId: c09232c3a63162e07bdc42b457f9092924abca08)
    #11 0x747918802216 in sf::GlResource::GlResource() (/lib/x86_64-linux-gnu/libsfml-window.so.2.6+0xe216) (BuildId: c09232c3a63162e07bdc42b457f9092924abca08)
    #12 0x747918853e3b in sf::Texture::Texture() (/lib/x86_64-linux-gnu/libsfml-graphics.so.2.6+0x24e3b) (BuildId: 005718ce5f34ab911bf24830c0107d70e470ae10)
    #13 0x5cca2b01d08f in Piece::Piece(Name, Color) /home/crem/chess_cpp/Pieces.cpp:18
    #14 0x5cca2b02035e in Knight::Knight(Color) /home/crem/chess_cpp/Pieces.cpp:107
    #15 0x5cca2af5ceaa in DOCTEST_ANON_FUNC_14 /home/crem/chess_cpp/test.cpp:22
    #16 0x5cca2af564dd in doctest::Context::run() /home/crem/chess_cpp/doctest.h:7035
    #17 0x5cca2af5a05c in main /home/crem/chess_cpp/doctest.h:7113
    #18 0x74791702a1c9 in __libc_start_call_main ../sysdeps/nptl/libc_start_call_main.h:58
    #19 0x74791702a28a in __libc_start_main_impl ../csu/libc-start.c:360
    #20 0x5cca2aee1734 in _start (/home/crem/chess_cpp/build/Debug/chess.t+0x1c5734) (BuildId: 428daf2ba6c391d2a7e1dfb68cf2aecee5193306)

Indirect leak of 101920 byte(s) in 455 object(s) allocated from:
    #0 0x7479180fd340 in calloc ../../../../src/libsanitizer/asan/asan_malloc_linux.cpp:77
    #1 0x7479166c9c0e  (/lib/x86_64-linux-gnu/libGLX_mesa.so.0+0x33c0e) (BuildId: eb4fad4513221f70ad95bc1e08eee29bfee99e3f)
    #2 0x7479166caf1f  (/lib/x86_64-linux-gnu/libGLX_mesa.so.0+0x34f1f) (BuildId: eb4fad4513221f70ad95bc1e08eee29bfee99e3f)
    #3 0x7479166cb134  (/lib/x86_64-linux-gnu/libGLX_mesa.so.0+0x35134) (BuildId: eb4fad4513221f70ad95bc1e08eee29bfee99e3f)
    #4 0x7479166c5e98  (/lib/x86_64-linux-gnu/libGLX_mesa.so.0+0x2fe98) (BuildId: eb4fad4513221f70ad95bc1e08eee29bfee99e3f)
    #5 0x7479166ca718  (/lib/x86_64-linux-gnu/libGLX_mesa.so.0+0x34718) (BuildId: eb4fad4513221f70ad95bc1e08eee29bfee99e3f)
    #6 0x7479166cb78c  (/lib/x86_64-linux-gnu/libGLX_mesa.so.0+0x3578c) (BuildId: eb4fad4513221f70ad95bc1e08eee29bfee99e3f)
    #7 0x7479166c8272  (/lib/x86_64-linux-gnu/libGLX_mesa.so.0+0x32272) (BuildId: eb4fad4513221f70ad95bc1e08eee29bfee99e3f)
    #8 0x74791881702c  (/lib/x86_64-linux-gnu/libsfml-window.so.2.6+0x2302c) (BuildId: c09232c3a63162e07bdc42b457f9092924abca08)
    #9 0x74791881733e  (/lib/x86_64-linux-gnu/libsfml-window.so.2.6+0x2333e) (BuildId: c09232c3a63162e07bdc42b457f9092924abca08)
    #10 0x747918819c35  (/lib/x86_64-linux-gnu/libsfml-window.so.2.6+0x25c35) (BuildId: c09232c3a63162e07bdc42b457f9092924abca08)
    #11 0x747918802216 in sf::GlResource::GlResource() (/lib/x86_64-linux-gnu/libsfml-window.so.2.6+0xe216) (BuildId: c09232c3a63162e07bdc42b457f9092924abca08)
    #12 0x747918853e3b in sf::Texture::Texture() (/lib/x86_64-linux-gnu/libsfml-graphics.so.2.6+0x24e3b) (BuildId: 005718ce5f34ab911bf24830c0107d70e470ae10)
    #13 0x5cca2b01d08f in Piece::Piece(Name, Color) /home/crem/chess_cpp/Pieces.cpp:18
    #14 0x5cca2b022ee4 in Pawn::Pawn(Color) /home/crem/chess_cpp/Pieces.cpp:179
    #15 0x5cca2af63dda in DOCTEST_ANON_FUNC_14 /home/crem/chess_cpp/test.cpp:54
    #16 0x5cca2af564dd in doctest::Context::run() /home/crem/chess_cpp/doctest.h:7035
    #17 0x5cca2af5a05c in main /home/crem/chess_cpp/doctest.h:7113
    #18 0x74791702a1c9 in __libc_start_call_main ../sysdeps/nptl/libc_start_call_main.h:58
    #19 0x74791702a28a in __libc_start_main_impl ../csu/libc-start.c:360
    #20 0x5cca2aee1734 in _start (/home/crem/chess_cpp/build/Debug/chess.t+0x1c5734) (BuildId: 428daf2ba6c391d2a7e1dfb68cf2aecee5193306)

Indirect leak of 50176 byte(s) in 224 object(s) allocated from:
    #0 0x7479180fd340 in calloc ../../../../src/libsanitizer/asan/asan_malloc_linux.cpp:77
    #1 0x7479166c9c0e  (/lib/x86_64-linux-gnu/libGLX_mesa.so.0+0x33c0e) (BuildId: eb4fad4513221f70ad95bc1e08eee29bfee99e3f)
    #2 0x7479166caf1f  (/lib/x86_64-linux-gnu/libGLX_mesa.so.0+0x34f1f) (BuildId: eb4fad4513221f70ad95bc1e08eee29bfee99e3f)
    #3 0x7479166cb1e6  (/lib/x86_64-linux-gnu/libGLX_mesa.so.0+0x351e6) (BuildId: eb4fad4513221f70ad95bc1e08eee29bfee99e3f)
    #4 0x7479166c5e98  (/lib/x86_64-linux-gnu/libGLX_mesa.so.0+0x2fe98) (BuildId: eb4fad4513221f70ad95bc1e08eee29bfee99e3f)
    #5 0x7479166ca718  (/lib/x86_64-linux-gnu/libGLX_mesa.so.0+0x34718) (BuildId: eb4fad4513221f70ad95bc1e08eee29bfee99e3f)
    #6 0x7479166cb78c  (/lib/x86_64-linux-gnu/libGLX_mesa.so.0+0x3578c) (BuildId: eb4fad4513221f70ad95bc1e08eee29bfee99e3f)
    #7 0x7479166c8272  (/lib/x86_64-linux-gnu/libGLX_mesa.so.0+0x32272) (BuildId: eb4fad4513221f70ad95bc1e08eee29bfee99e3f)
    #8 0x74791881702c  (/lib/x86_64-linux-gnu/libsfml-window.so.2.6+0x2302c) (BuildId: c09232c3a63162e07bdc42b457f9092924abca08)
    #9 0x74791881733e  (/lib/x86_64-linux-gnu/libsfml-window.so.2.6+0x2333e) (BuildId: c09232c3a63162e07bdc42b457f9092924abca08)
    #10 0x747918819c35  (/lib/x86_64-linux-gnu/libsfml-window.so.2.6+0x25c35) (BuildId: c09232c3a63162e07bdc42b457f9092924abca08)
    #11 0x747918802216 in sf::GlResource::GlResource() (/lib/x86_64-linux-gnu/libsfml-window.so.2.6+0xe216) (BuildId: c09232c3a63162e07bdc42b457f9092924abca08)
    #12 0x747918806f8a in sf::Window::Window() (/lib/x86_64-linux-gnu/libsfml-window.so.2.6+0x12f8a) (BuildId: c09232c3a63162e07bdc42b457f9092924abca08)
    #13 0x74791884fda2 in sf::RenderWindow::RenderWindow() (/lib/x86_64-linux-gnu/libsfml-graphics.so.2.6+0x20da2) (BuildId: 005718ce5f34ab911bf24830c0107d70e470ae10)
    #14 0x5cca2af82468 in DOCTEST_ANON_FUNC_41 /home/crem/chess_cpp/test.cpp:215
    #15 0x5cca2af564dd in doctest::Context::run() /home/crem/chess_cpp/doctest.h:7035
    #16 0x5cca2af5a05c in main /home/crem/chess_cpp/doctest.h:7113
    #17 0x74791702a1c9 in __libc_start_call_main ../sysdeps/nptl/libc_start_call_main.h:58
    #18 0x74791702a28a in __libc_start_main_impl ../csu/libc-start.c:360
    #19 0x5cca2aee1734 in _start (/home/crem/chess_cpp/build/Debug/chess.t+0x1c5734) (BuildId: 428daf2ba6c391d2a7e1dfb68cf2aecee5193306)

Indirect leak of 44128 byte(s) in 197 object(s) allocated from:
    #0 0x7479180fd340 in calloc ../../../../src/libsanitizer/asan/asan_malloc_linux.cpp:77
    #1 0x7479166c9c0e  (/lib/x86_64-linux-gnu/libGLX_mesa.so.0+0x33c0e) (BuildId: eb4fad4513221f70ad95bc1e08eee29bfee99e3f)
    #2 0x7479166caf1f  (/lib/x86_64-linux-gnu/libGLX_mesa.so.0+0x34f1f) (BuildId: eb4fad4513221f70ad95bc1e08eee29bfee99e3f)
    #3 0x7479166cb134  (/lib/x86_64-linux-gnu/libGLX_mesa.so.0+0x35134) (BuildId: eb4fad4513221f70ad95bc1e08eee29bfee99e3f)
    #4 0x7479166c5e98  (/lib/x86_64-linux-gnu/libGLX_mesa.so.0+0x2fe98) (BuildId: eb4fad4513221f70ad95bc1e08eee29bfee99e3f)
    #5 0x7479166ca718  (/lib/x86_64-linux-gnu/libGLX_mesa.so.0+0x34718) (BuildId: eb4fad4513221f70ad95bc1e08eee29bfee99e3f)
    #6 0x7479166cb78c  (/lib/x86_64-linux-gnu/libGLX_mesa.so.0+0x3578c) (BuildId: eb4fad4513221f70ad95bc1e08eee29bfee99e3f)
    #7 0x7479166c8272  (/lib/x86_64-linux-gnu/libGLX_mesa.so.0+0x32272) (BuildId: eb4fad4513221f70ad95bc1e08eee29bfee99e3f)
    #8 0x74791881702c  (/lib/x86_64-linux-gnu/libsfml-window.so.2.6+0x2302c) (BuildId: c09232c3a63162e07bdc42b457f9092924abca08)
    #9 0x74791881733e  (/lib/x86_64-linux-gnu/libsfml-window.so.2.6+0x2333e) (BuildId: c09232c3a63162e07bdc42b457f9092924abca08)
    #10 0x747918819c35  (/lib/x86_64-linux-gnu/libsfml-window.so.2.6+0x25c35) (BuildId: c09232c3a63162e07bdc42b457f9092924abca08)
    #11 0x747918802216 in sf::GlResource::GlResource() (/lib/x86_64-linux-gnu/libsfml-window.so.2.6+0xe216) (BuildId: c09232c3a63162e07bdc42b457f9092924abca08)
    #12 0x747918806f8a in sf::Window::Window() (/lib/x86_64-linux-gnu/libsfml-window.so.2.6+0x12f8a) (BuildId: c09232c3a63162e07bdc42b457f9092924abca08)
    #13 0x74791884fda2 in sf::RenderWindow::RenderWindow() (/lib/x86_64-linux-gnu/libsfml-graphics.so.2.6+0x20da2) (BuildId: 005718ce5f34ab911bf24830c0107d70e470ae10)
    #14 0x5cca2af8a29b in DOCTEST_ANON_FUNC_49 /home/crem/chess_cpp/test.cpp:267
    #15 0x5cca2af564dd in doctest::Context::run() /home/crem/chess_cpp/doctest.h:7035
    #16 0x5cca2af5a05c in main /home/crem/chess_cpp/doctest.h:7113
    #17 0x74791702a1c9 in __libc_start_call_main ../sysdeps/nptl/libc_start_call_main.h:58
    #18 0x74791702a28a in __libc_start_main_impl ../csu/libc-start.c:360
    #19 0x5cca2aee1734 in _start (/home/crem/chess_cpp/build/Debug/chess.t+0x1c5734) (BuildId: 428daf2ba6c391d2a7e1dfb68cf2aecee5193306)

Indirect leak of 41888 byte(s) in 187 object(s) allocated from:
    #0 0x7479180fd340 in calloc ../../../../src/libsanitizer/asan/asan_malloc_linux.cpp:77
    #1 0x7479166c9c0e  (/lib/x86_64-linux-gnu/libGLX_mesa.so.0+0x33c0e) (BuildId: eb4fad4513221f70ad95bc1e08eee29bfee99e3f)
    #2 0x7479166caf1f  (/lib/x86_64-linux-gnu/libGLX_mesa.so.0+0x34f1f) (BuildId: eb4fad4513221f70ad95bc1e08eee29bfee99e3f)
    #3 0x7479166cb1e6  (/lib/x86_64-linux-gnu/libGLX_mesa.so.0+0x351e6) (BuildId: eb4fad4513221f70ad95bc1e08eee29bfee99e3f)
    #4 0x7479166c5e98  (/lib/x86_64-linux-gnu/libGLX_mesa.so.0+0x2fe98) (BuildId: eb4fad4513221f70ad95bc1e08eee29bfee99e3f)
    #5 0x7479166ca718  (/lib/x86_64-linux-gnu/libGLX_mesa.so.0+0x34718) (BuildId: eb4fad4513221f70ad95bc1e08eee29bfee99e3f)
    #6 0x7479166cb78c  (/lib/x86_64-linux-gnu/libGLX_mesa.so.0+0x3578c) (BuildId: eb4fad4513221f70ad95bc1e08eee29bfee99e3f)
    #7 0x7479166c8272  (/lib/x86_64-linux-gnu/libGLX_mesa.so.0+0x32272) (BuildId: eb4fad4513221f70ad95bc1e08eee29bfee99e3f)
    #8 0x74791881702c  (/lib/x86_64-linux-gnu/libsfml-window.so.2.6+0x2302c) (BuildId: c09232c3a63162e07bdc42b457f9092924abca08)
    #9 0x74791881733e  (/lib/x86_64-linux-gnu/libsfml-window.so.2.6+0x2333e) (BuildId: c09232c3a63162e07bdc42b457f9092924abca08)
    #10 0x747918819c35  (/lib/x86_64-linux-gnu/libsfml-window.so.2.6+0x25c35) (BuildId: c09232c3a63162e07bdc42b457f9092924abca08)
    #11 0x747918802216 in sf::GlResource::GlResource() (/lib/x86_64-linux-gnu/libsfml-window.so.2.6+0xe216) (BuildId: c09232c3a63162e07bdc42b457f9092924abca08)
    #12 0x747918806f8a in sf::Window::Window() (/lib/x86_64-linux-gnu/libsfml-window.so.2.6+0x12f8a) (BuildId: c09232c3a63162e07bdc42b457f9092924abca08)
    #13 0x74791884fda2 in sf::RenderWindow::RenderWindow() (/lib/x86_64-linux-gnu/libsfml-graphics.so.2.6+0x20da2) (BuildId: 005718ce5f34ab911bf24830c0107d70e470ae10)
    #14 0x5cca2af8e484 in DOCTEST_ANON_FUNC_54 /home/crem/chess_cpp/test.cpp:293
    #15 0x5cca2af564dd in doctest::Context::run() /home/crem/chess_cpp/doctest.h:7035
    #16 0x5cca2af5a05c in main /home/crem/chess_cpp/doctest.h:7113
    #17 0x74791702a1c9 in __libc_start_call_main ../sysdeps/nptl/libc_start_call_main.h:58
    #18 0x74791702a28a in __libc_start_main_impl ../csu/libc-start.c:360
    #19 0x5cca2aee1734 in _start (/home/crem/chess_cpp/build/Debug/chess.t+0x1c5734) (BuildId: 428daf2ba6c391d2a7e1dfb68cf2aecee5193306)

Indirect leak of 25312 byte(s) in 113 object(s) allocated from:
    #0 0x7479180fd340 in calloc ../../../../src/libsanitizer/asan/asan_malloc_linux.cpp:77
    #1 0x7479166c9c0e  (/lib/x86_64-linux-gnu/libGLX_mesa.so.0+0x33c0e) (BuildId: eb4fad4513221f70ad95bc1e08eee29bfee99e3f)
    #2 0x7479166caf1f  (/lib/x86_64-linux-gnu/libGLX_mesa.so.0+0x34f1f) (BuildId: eb4fad4513221f70ad95bc1e08eee29bfee99e3f)
    #3 0x7479166cb134  (/lib/x86_64-linux-gnu/libGLX_mesa.so.0+0x35134) (BuildId: eb4fad4513221f70ad95bc1e08eee29bfee99e3f)
    #4 0x7479166c5e98  (/lib/x86_64-linux-gnu/libGLX_mesa.so.0+0x2fe98) (BuildId: eb4fad4513221f70ad95bc1e08eee29bfee99e3f)
    #5 0x7479166ca718  (/lib/x86_64-linux-gnu/libGLX_mesa.so.0+0x34718) (BuildId: eb4fad4513221f70ad95bc1e08eee29bfee99e3f)
    #6 0x7479166cb78c  (/lib/x86_64-linux-gnu/libGLX_mesa.so.0+0x3578c) (BuildId: eb4fad4513221f70ad95bc1e08eee29bfee99e3f)
    #7 0x7479166c8272  (/lib/x86_64-linux-gnu/libGLX_mesa.so.0+0x32272) (BuildId: eb4fad4513221f70ad95bc1e08eee29bfee99e3f)
    #8 0x74791881702c  (/lib/x86_64-linux-gnu/libsfml-window.so.2.6+0x2302c) (BuildId: c09232c3a63162e07bdc42b457f9092924abca08)
    #9 0x74791881733e  (/lib/x86_64-linux-gnu/libsfml-window.so.2.6+0x2333e) (BuildId: c09232c3a63162e07bdc42b457f9092924abca08)
    #10 0x747918819c35  (/lib/x86_64-linux-gnu/libsfml-window.so.2.6+0x25c35) (BuildId: c09232c3a63162e07bdc42b457f9092924abca08)
    #11 0x747918802216 in sf::GlResource::GlResource() (/lib/x86_64-linux-gnu/libsfml-window.so.2.6+0xe216) (BuildId: c09232c3a63162e07bdc42b457f9092924abca08)
    #12 0x747918806f8a in sf::Window::Window() (/lib/x86_64-linux-gnu/libsfml-window.so.2.6+0x12f8a) (BuildId: c09232c3a63162e07bdc42b457f9092924abca08)
    #13 0x74791884fda2 in sf::RenderWindow::RenderWindow() (/lib/x86_64-linux-gnu/libsfml-graphics.so.2.6+0x20da2) (BuildId: 005718ce5f34ab911bf24830c0107d70e470ae10)
    #14 0x5cca2af8480e in DOCTEST_ANON_FUNC_45 /home/crem/chess_cpp/test.cpp:237
    #15 0x5cca2af564dd in doctest::Context::run() /home/crem/chess_cpp/doctest.h:7035
    #16 0x5cca2af5a05c in main /home/crem/chess_cpp/doctest.h:7113
    #17 0x74791702a1c9 in __libc_start_call_main ../sysdeps/nptl/libc_start_call_main.h:58
    #18 0x74791702a28a in __libc_start_main_impl ../csu/libc-start.c:360
    #19 0x5cca2aee1734 in _start (/home/crem/chess_cpp/build/Debug/chess.t+0x1c5734) (BuildId: 428daf2ba6c391d2a7e1dfb68cf2aecee5193306)

SUMMARY: AddressSanitizer: 4883452 byte(s) leaked in 21754 allocation(s).
<end of output>
Test time =   2.53 sec
----------------------------------------------------------
Test Failed.
"chess.t" end time: Aug 20 17:23 CEST
"chess.t" time elapsed: 00:00:02
----------------------------------------------------------

End testing: Aug 20 17:23 CEST
